{"/Users/raghunandandev/Downloads/IS project 2/backend/app.js": {"path":"/Users/raghunandandev/Downloads/IS project 2/backend/app.js","statementMap":{"0":{"start":{"line":2,"column":16},"end":{"line":2,"column":34}},"1":{"start":{"line":3,"column":17},"end":{"line":3,"column":36}},"2":{"start":{"line":4,"column":13},"end":{"line":4,"column":28}},"3":{"start":{"line":5,"column":15},"end":{"line":5,"column":32}},"4":{"start":{"line":6,"column":20},"end":{"line":6,"column":42}},"5":{"start":{"line":7,"column":18},"end":{"line":7,"column":47}},"6":{"start":{"line":8,"column":15},"end":{"line":8,"column":38}},"7":{"start":{"line":11,"column":19},"end":{"line":11,"column":43}},"8":{"start":{"line":12,"column":25},"end":{"line":12,"column":55}},"9":{"start":{"line":13,"column":21},"end":{"line":13,"column":47}},"10":{"start":{"line":14,"column":20},"end":{"line":14,"column":45}},"11":{"start":{"line":15,"column":20},"end":{"line":15,"column":47}},"12":{"start":{"line":16,"column":24},"end":{"line":16,"column":53}},"13":{"start":{"line":17,"column":28},"end":{"line":17,"column":61}},"14":{"start":{"line":18,"column":22},"end":{"line":18,"column":49}},"15":{"start":{"line":20,"column":12},"end":{"line":20,"column":21}},"16":{"start":{"line":23,"column":0},"end":{"line":23,"column":18}},"17":{"start":{"line":24,"column":0},"end":{"line":24,"column":23}},"18":{"start":{"line":27,"column":16},"end":{"line":30,"column":2}},"19":{"start":{"line":31,"column":0},"end":{"line":31,"column":17}},"20":{"start":{"line":34,"column":0},"end":{"line":37,"column":4}},"21":{"start":{"line":40,"column":0},"end":{"line":40,"column":41}},"22":{"start":{"line":41,"column":0},"end":{"line":41,"column":48}},"23":{"start":{"line":44,"column":0},"end":{"line":49,"column":63}},"24":{"start":{"line":48,"column":12},"end":{"line":48,"column":47}},"25":{"start":{"line":49,"column":14},"end":{"line":49,"column":61}},"26":{"start":{"line":52,"column":0},"end":{"line":52,"column":33}},"27":{"start":{"line":53,"column":0},"end":{"line":53,"column":46}},"28":{"start":{"line":54,"column":0},"end":{"line":54,"column":38}},"29":{"start":{"line":55,"column":0},"end":{"line":55,"column":35}},"30":{"start":{"line":56,"column":0},"end":{"line":56,"column":37}},"31":{"start":{"line":57,"column":0},"end":{"line":57,"column":40}},"32":{"start":{"line":59,"column":0},"end":{"line":59,"column":33}},"33":{"start":{"line":61,"column":0},"end":{"line":61,"column":37}},"34":{"start":{"line":63,"column":0},"end":{"line":69,"column":3}},"35":{"start":{"line":64,"column":2},"end":{"line":68,"column":5}},"36":{"start":{"line":72,"column":0},"end":{"line":95,"column":3}},"37":{"start":{"line":73,"column":2},"end":{"line":73,"column":27}},"38":{"start":{"line":75,"column":2},"end":{"line":81,"column":3}},"39":{"start":{"line":76,"column":4},"end":{"line":80,"column":7}},"40":{"start":{"line":79,"column":49},"end":{"line":79,"column":58}},"41":{"start":{"line":83,"column":2},"end":{"line":88,"column":3}},"42":{"start":{"line":84,"column":4},"end":{"line":87,"column":7}},"43":{"start":{"line":90,"column":2},"end":{"line":94,"column":5}},"44":{"start":{"line":98,"column":0},"end":{"line":103,"column":3}},"45":{"start":{"line":99,"column":2},"end":{"line":102,"column":5}},"46":{"start":{"line":105,"column":0},"end":{"line":105,"column":21}}},"fnMap":{"0":{"name":"(anonymous_0)","decl":{"start":{"line":48,"column":6},"end":{"line":48,"column":7}},"loc":{"start":{"line":48,"column":12},"end":{"line":48,"column":47}},"line":48},"1":{"name":"(anonymous_1)","decl":{"start":{"line":49,"column":7},"end":{"line":49,"column":8}},"loc":{"start":{"line":49,"column":14},"end":{"line":49,"column":61}},"line":49},"2":{"name":"(anonymous_2)","decl":{"start":{"line":63,"column":19},"end":{"line":63,"column":20}},"loc":{"start":{"line":63,"column":33},"end":{"line":69,"column":1}},"line":63},"3":{"name":"(anonymous_3)","decl":{"start":{"line":72,"column":8},"end":{"line":72,"column":9}},"loc":{"start":{"line":72,"column":33},"end":{"line":95,"column":1}},"line":72},"4":{"name":"(anonymous_4)","decl":{"start":{"line":79,"column":44},"end":{"line":79,"column":45}},"loc":{"start":{"line":79,"column":49},"end":{"line":79,"column":58}},"line":79},"5":{"name":"(anonymous_5)","decl":{"start":{"line":98,"column":13},"end":{"line":98,"column":14}},"loc":{"start":{"line":98,"column":27},"end":{"line":103,"column":1}},"line":98}},"branchMap":{"0":{"loc":{"start":{"line":35,"column":10},"end":{"line":35,"column":61}},"type":"binary-expr","locations":[{"start":{"line":35,"column":10},"end":{"line":35,"column":34}},{"start":{"line":35,"column":38},"end":{"line":35,"column":61}}],"line":35},"1":{"loc":{"start":{"line":75,"column":2},"end":{"line":81,"column":3}},"type":"if","locations":[{"start":{"line":75,"column":2},"end":{"line":81,"column":3}},{"start":{},"end":{}}],"line":75},"2":{"loc":{"start":{"line":83,"column":2},"end":{"line":88,"column":3}},"type":"if","locations":[{"start":{"line":83,"column":2},"end":{"line":88,"column":3}},{"start":{},"end":{}}],"line":83},"3":{"loc":{"start":{"line":93,"column":11},"end":{"line":93,"column":62}},"type":"cond-expr","locations":[{"start":{"line":93,"column":46},"end":{"line":93,"column":48}},{"start":{"line":93,"column":51},"end":{"line":93,"column":62}}],"line":93}},"s":{"0":1,"1":1,"2":1,"3":1,"4":1,"5":1,"6":1,"7":1,"8":1,"9":1,"10":1,"11":1,"12":1,"13":1,"14":1,"15":1,"16":1,"17":1,"18":1,"19":1,"20":1,"21":1,"22":1,"23":1,"24":1,"25":0,"26":1,"27":1,"28":1,"29":1,"30":1,"31":1,"32":1,"33":1,"34":1,"35":0,"36":1,"37":0,"38":0,"39":0,"40":0,"41":0,"42":0,"43":0,"44":1,"45":0,"46":1},"f":{"0":1,"1":0,"2":0,"3":0,"4":0,"5":0},"b":{"0":[1,0],"1":[0,0],"2":[0,0],"3":[0,0]},"_coverageSchema":"1a1c01bbd47fc00a2c39e90264f33305004495a9","hash":"4a338e7de7ee8578ebcad571ce9f3802531388f5"}
,"/Users/raghunandandev/Downloads/IS project 2/backend/config/cloudinary.js": {"path":"/Users/raghunandandev/Downloads/IS project 2/backend/config/cloudinary.js","statementMap":{"0":{"start":{"line":2,"column":19},"end":{"line":2,"column":43}},"1":{"start":{"line":3,"column":15},"end":{"line":3,"column":31}},"2":{"start":{"line":6,"column":0},"end":{"line":11,"column":3}},"3":{"start":{"line":13,"column":0},"end":{"line":24,"column":1}},"4":{"start":{"line":14,"column":2},"end":{"line":16,"column":88}},"5":{"start":{"line":15,"column":16},"end":{"line":15,"column":67}},"6":{"start":{"line":16,"column":20},"end":{"line":16,"column":86}},"7":{"start":{"line":19,"column":2},"end":{"line":23,"column":3}},"8":{"start":{"line":20,"column":4},"end":{"line":20,"column":63}},"9":{"start":{"line":22,"column":4},"end":{"line":22,"column":66}},"10":{"start":{"line":26,"column":0},"end":{"line":26,"column":28}}},"fnMap":{"0":{"name":"(anonymous_0)","decl":{"start":{"line":15,"column":10},"end":{"line":15,"column":11}},"loc":{"start":{"line":15,"column":16},"end":{"line":15,"column":67}},"line":15},"1":{"name":"(anonymous_1)","decl":{"start":{"line":16,"column":11},"end":{"line":16,"column":12}},"loc":{"start":{"line":16,"column":20},"end":{"line":16,"column":86}},"line":16}},"branchMap":{"0":{"loc":{"start":{"line":13,"column":0},"end":{"line":24,"column":1}},"type":"if","locations":[{"start":{"line":13,"column":0},"end":{"line":24,"column":1}},{"start":{"line":17,"column":7},"end":{"line":24,"column":1}}],"line":13},"1":{"loc":{"start":{"line":13,"column":4},"end":{"line":13,"column":123}},"type":"binary-expr","locations":[{"start":{"line":13,"column":4},"end":{"line":13,"column":32}},{"start":{"line":13,"column":36},"end":{"line":13,"column":61}},{"start":{"line":13,"column":65},"end":{"line":13,"column":93}},{"start":{"line":13,"column":97},"end":{"line":13,"column":123}}],"line":13},"2":{"loc":{"start":{"line":19,"column":2},"end":{"line":23,"column":3}},"type":"if","locations":[{"start":{"line":19,"column":2},"end":{"line":23,"column":3}},{"start":{"line":21,"column":9},"end":{"line":23,"column":3}}],"line":19}},"s":{"0":1,"1":1,"2":1,"3":1,"4":0,"5":0,"6":0,"7":1,"8":1,"9":0,"10":1},"f":{"0":0,"1":0},"b":{"0":[0,1],"1":[1,1,1,1],"2":[1,0]},"_coverageSchema":"1a1c01bbd47fc00a2c39e90264f33305004495a9","hash":"2dd085e258b24118d7dbf9117d0ba2be1eb37dcf"}
,"/Users/raghunandandev/Downloads/IS project 2/backend/config/env.js": {"path":"/Users/raghunandandev/Downloads/IS project 2/backend/config/env.js","statementMap":{"0":{"start":{"line":2,"column":0},"end":{"line":2,"column":27}},"1":{"start":{"line":4,"column":15},"end":{"line":37,"column":1}},"2":{"start":{"line":40,"column":0},"end":{"line":40,"column":90}},"3":{"start":{"line":43,"column":24},"end":{"line":43,"column":53}},"4":{"start":{"line":44,"column":0},"end":{"line":46,"column":1}},"5":{"start":{"line":45,"column":2},"end":{"line":45,"column":95}},"6":{"start":{"line":48,"column":23},"end":{"line":48,"column":77}},"7":{"start":{"line":48,"column":56},"end":{"line":48,"column":76}},"8":{"start":{"line":49,"column":0},"end":{"line":54,"column":1}},"9":{"start":{"line":50,"column":2},"end":{"line":50,"column":80}},"10":{"start":{"line":51,"column":2},"end":{"line":53,"column":3}},"11":{"start":{"line":52,"column":4},"end":{"line":52,"column":92}},"12":{"start":{"line":56,"column":0},"end":{"line":56,"column":24}}},"fnMap":{"0":{"name":"(anonymous_0)","decl":{"start":{"line":48,"column":46},"end":{"line":48,"column":47}},"loc":{"start":{"line":48,"column":56},"end":{"line":48,"column":76}},"line":48}},"branchMap":{"0":{"loc":{"start":{"line":6,"column":12},"end":{"line":6,"column":49}},"type":"binary-expr","locations":[{"start":{"line":6,"column":12},"end":{"line":6,"column":32}},{"start":{"line":6,"column":36},"end":{"line":6,"column":49}}],"line":6},"1":{"loc":{"start":{"line":7,"column":8},"end":{"line":7,"column":32}},"type":"binary-expr","locations":[{"start":{"line":7,"column":8},"end":{"line":7,"column":24}},{"start":{"line":7,"column":28},"end":{"line":7,"column":32}}],"line":7},"2":{"loc":{"start":{"line":10,"column":15},"end":{"line":10,"column":86}},"type":"binary-expr","locations":[{"start":{"line":10,"column":15},"end":{"line":10,"column":38}},{"start":{"line":10,"column":42},"end":{"line":10,"column":86}}],"line":10},"3":{"loc":{"start":{"line":13,"column":14},"end":{"line":13,"column":77}},"type":"binary-expr","locations":[{"start":{"line":13,"column":14},"end":{"line":13,"column":36}},{"start":{"line":13,"column":40},"end":{"line":13,"column":77}}],"line":13},"4":{"loc":{"start":{"line":14,"column":18},"end":{"line":14,"column":52}},"type":"binary-expr","locations":[{"start":{"line":14,"column":18},"end":{"line":14,"column":44}},{"start":{"line":14,"column":48},"end":{"line":14,"column":52}}],"line":14},"5":{"loc":{"start":{"line":25,"column":16},"end":{"line":25,"column":67}},"type":"binary-expr","locations":[{"start":{"line":25,"column":16},"end":{"line":25,"column":40}},{"start":{"line":25,"column":44},"end":{"line":25,"column":67}}],"line":25},"6":{"loc":{"start":{"line":40,"column":25},"end":{"line":40,"column":89}},"type":"binary-expr","locations":[{"start":{"line":40,"column":25},"end":{"line":40,"column":52}},{"start":{"line":40,"column":56},"end":{"line":40,"column":89}}],"line":40},"7":{"loc":{"start":{"line":44,"column":0},"end":{"line":46,"column":1}},"type":"if","locations":[{"start":{"line":44,"column":0},"end":{"line":46,"column":1}},{"start":{},"end":{}}],"line":44},"8":{"loc":{"start":{"line":49,"column":0},"end":{"line":54,"column":1}},"type":"if","locations":[{"start":{"line":49,"column":0},"end":{"line":54,"column":1}},{"start":{},"end":{}}],"line":49},"9":{"loc":{"start":{"line":51,"column":2},"end":{"line":53,"column":3}},"type":"if","locations":[{"start":{"line":51,"column":2},"end":{"line":53,"column":3}},{"start":{},"end":{}}],"line":51}},"s":{"0":1,"1":1,"2":1,"3":1,"4":1,"5":0,"6":1,"7":2,"8":1,"9":0,"10":0,"11":0,"12":1},"f":{"0":2},"b":{"0":[1,0],"1":[1,0],"2":[1,0],"3":[1,0],"4":[1,0],"5":[1,0],"6":[1,0],"7":[0,1],"8":[0,1],"9":[0,0]},"_coverageSchema":"1a1c01bbd47fc00a2c39e90264f33305004495a9","hash":"0f0b8f84acc17466ee9a4890de9ac97e7e95f7c1"}
,"/Users/raghunandandev/Downloads/IS project 2/backend/controllers/ReviewController.js": {"path":"/Users/raghunandandev/Downloads/IS project 2/backend/controllers/ReviewController.js","statementMap":{"0":{"start":{"line":2,"column":15},"end":{"line":2,"column":42}},"1":{"start":{"line":3,"column":19},"end":{"line":3,"column":50}},"2":{"start":{"line":4,"column":19},"end":{"line":4,"column":50}},"3":{"start":{"line":5,"column":13},"end":{"line":5,"column":38}},"4":{"start":{"line":6,"column":21},"end":{"line":6,"column":56}},"5":{"start":{"line":7,"column":29},"end":{"line":7,"column":57}},"6":{"start":{"line":9,"column":0},"end":{"line":130,"column":2}},"7":{"start":{"line":10,"column":2},"end":{"line":129,"column":3}},"8":{"start":{"line":11,"column":29},"end":{"line":11,"column":39}},"9":{"start":{"line":18,"column":8},"end":{"line":18,"column":16}},"10":{"start":{"line":21,"column":23},"end":{"line":25,"column":29}},"11":{"start":{"line":27,"column":4},"end":{"line":32,"column":5}},"12":{"start":{"line":28,"column":6},"end":{"line":31,"column":9}},"13":{"start":{"line":35,"column":4},"end":{"line":38,"column":5}},"14":{"start":{"line":36,"column":6},"end":{"line":36,"column":37}},"15":{"start":{"line":37,"column":6},"end":{"line":37,"column":30}},"16":{"start":{"line":41,"column":27},"end":{"line":45,"column":6}},"17":{"start":{"line":47,"column":4},"end":{"line":52,"column":5}},"18":{"start":{"line":48,"column":6},"end":{"line":51,"column":9}},"19":{"start":{"line":55,"column":24},"end":{"line":55,"column":45}},"20":{"start":{"line":56,"column":25},"end":{"line":56,"column":96}},"21":{"start":{"line":56,"column":60},"end":{"line":56,"column":71}},"22":{"start":{"line":59,"column":4},"end":{"line":91,"column":5}},"23":{"start":{"line":61,"column":6},"end":{"line":74,"column":8}},"24":{"start":{"line":77,"column":6},"end":{"line":89,"column":9}},"25":{"start":{"line":90,"column":6},"end":{"line":90,"column":26}},"26":{"start":{"line":94,"column":4},"end":{"line":94,"column":36}},"27":{"start":{"line":95,"column":4},"end":{"line":95,"column":35}},"28":{"start":{"line":96,"column":4},"end":{"line":96,"column":28}},"29":{"start":{"line":99,"column":4},"end":{"line":99,"column":47}},"30":{"start":{"line":102,"column":4},"end":{"line":106,"column":6}},"31":{"start":{"line":109,"column":4},"end":{"line":115,"column":5}},"32":{"start":{"line":110,"column":6},"end":{"line":114,"column":8}},"33":{"start":{"line":117,"column":4},"end":{"line":121,"column":7}},"34":{"start":{"line":123,"column":4},"end":{"line":123,"column":49}},"35":{"start":{"line":124,"column":4},"end":{"line":128,"column":7}},"36":{"start":{"line":137,"column":0},"end":{"line":186,"column":2}},"37":{"start":{"line":138,"column":2},"end":{"line":185,"column":3}},"38":{"start":{"line":139,"column":29},"end":{"line":139,"column":39}},"39":{"start":{"line":141,"column":23},"end":{"line":145,"column":29}},"40":{"start":{"line":147,"column":4},"end":{"line":152,"column":5}},"41":{"start":{"line":148,"column":6},"end":{"line":151,"column":9}},"42":{"start":{"line":154,"column":4},"end":{"line":154,"column":35}},"43":{"start":{"line":155,"column":4},"end":{"line":155,"column":28}},"44":{"start":{"line":158,"column":4},"end":{"line":164,"column":5}},"45":{"start":{"line":159,"column":25},"end":{"line":159,"column":77}},"46":{"start":{"line":160,"column":6},"end":{"line":163,"column":7}},"47":{"start":{"line":161,"column":8},"end":{"line":161,"column":57}},"48":{"start":{"line":162,"column":8},"end":{"line":162,"column":32}},"49":{"start":{"line":167,"column":4},"end":{"line":171,"column":6}},"50":{"start":{"line":173,"column":4},"end":{"line":177,"column":7}},"51":{"start":{"line":179,"column":4},"end":{"line":179,"column":53}},"52":{"start":{"line":180,"column":4},"end":{"line":184,"column":7}},"53":{"start":{"line":193,"column":0},"end":{"line":235,"column":2}},"54":{"start":{"line":194,"column":2},"end":{"line":234,"column":3}},"55":{"start":{"line":195,"column":29},"end":{"line":195,"column":39}},"56":{"start":{"line":196,"column":23},"end":{"line":196,"column":31}},"57":{"start":{"line":198,"column":23},"end":{"line":202,"column":29}},"58":{"start":{"line":204,"column":4},"end":{"line":209,"column":5}},"59":{"start":{"line":205,"column":6},"end":{"line":208,"column":9}},"60":{"start":{"line":211,"column":4},"end":{"line":211,"column":35}},"61":{"start":{"line":212,"column":4},"end":{"line":212,"column":28}},"62":{"start":{"line":215,"column":4},"end":{"line":220,"column":6}},"63":{"start":{"line":222,"column":4},"end":{"line":226,"column":7}},"64":{"start":{"line":228,"column":4},"end":{"line":228,"column":54}},"65":{"start":{"line":229,"column":4},"end":{"line":233,"column":7}},"66":{"start":{"line":242,"column":0},"end":{"line":287,"column":2}},"67":{"start":{"line":243,"column":2},"end":{"line":286,"column":3}},"68":{"start":{"line":244,"column":25},"end":{"line":244,"column":35}},"69":{"start":{"line":245,"column":23},"end":{"line":245,"column":31}},"70":{"start":{"line":248,"column":19},"end":{"line":252,"column":6}},"71":{"start":{"line":254,"column":4},"end":{"line":259,"column":5}},"72":{"start":{"line":255,"column":6},"end":{"line":258,"column":9}},"73":{"start":{"line":262,"column":4},"end":{"line":265,"column":5}},"74":{"start":{"line":263,"column":26},"end":{"line":263,"column":58}},"75":{"start":{"line":264,"column":6},"end":{"line":264,"column":104}},"76":{"start":{"line":264,"column":67},"end":{"line":264,"column":78}},"77":{"start":{"line":268,"column":26},"end":{"line":272,"column":5}},"78":{"start":{"line":274,"column":4},"end":{"line":278,"column":7}},"79":{"start":{"line":280,"column":4},"end":{"line":280,"column":49}},"80":{"start":{"line":281,"column":4},"end":{"line":285,"column":7}},"81":{"start":{"line":294,"column":0},"end":{"line":339,"column":2}},"82":{"start":{"line":295,"column":2},"end":{"line":338,"column":3}},"83":{"start":{"line":296,"column":46},"end":{"line":296,"column":55}},"84":{"start":{"line":298,"column":16},"end":{"line":298,"column":41}},"85":{"start":{"line":299,"column":4},"end":{"line":301,"column":5}},"86":{"start":{"line":300,"column":6},"end":{"line":300,"column":28}},"87":{"start":{"line":303,"column":24},"end":{"line":316,"column":31}},"88":{"start":{"line":318,"column":18},"end":{"line":318,"column":56}},"89":{"start":{"line":320,"column":4},"end":{"line":330,"column":7}},"90":{"start":{"line":332,"column":4},"end":{"line":332,"column":50}},"91":{"start":{"line":333,"column":4},"end":{"line":337,"column":7}},"92":{"start":{"line":346,"column":0},"end":{"line":433,"column":2}},"93":{"start":{"line":347,"column":2},"end":{"line":432,"column":3}},"94":{"start":{"line":348,"column":23},"end":{"line":348,"column":34}},"95":{"start":{"line":351,"column":29},"end":{"line":357,"column":6}},"96":{"start":{"line":360,"column":94},"end":{"line":365,"column":6}},"97":{"start":{"line":368,"column":27},"end":{"line":368,"column":102}},"98":{"start":{"line":368,"column":56},"end":{"line":368,"column":94}},"99":{"start":{"line":369,"column":27},"end":{"line":369,"column":102}},"100":{"start":{"line":369,"column":56},"end":{"line":369,"column":94}},"101":{"start":{"line":370,"column":32},"end":{"line":370,"column":98}},"102":{"start":{"line":370,"column":61},"end":{"line":370,"column":90}},"103":{"start":{"line":373,"column":31},"end":{"line":376,"column":6}},"104":{"start":{"line":379,"column":35},"end":{"line":382,"column":25}},"105":{"start":{"line":384,"column":28},"end":{"line":384,"column":29}},"106":{"start":{"line":385,"column":4},"end":{"line":393,"column":5}},"107":{"start":{"line":386,"column":28},"end":{"line":391,"column":10}},"108":{"start":{"line":387,"column":21},"end":{"line":387,"column":55}},"109":{"start":{"line":389,"column":31},"end":{"line":389,"column":67}},"110":{"start":{"line":390,"column":10},"end":{"line":390,"column":54}},"111":{"start":{"line":392,"column":6},"end":{"line":392,"column":84}},"112":{"start":{"line":396,"column":25},"end":{"line":396,"column":27}},"113":{"start":{"line":397,"column":4},"end":{"line":401,"column":7}},"114":{"start":{"line":398,"column":6},"end":{"line":400,"column":7}},"115":{"start":{"line":399,"column":8},"end":{"line":399,"column":99}},"116":{"start":{"line":402,"column":22},"end":{"line":404,"column":12}},"117":{"start":{"line":403,"column":51},"end":{"line":403,"column":92}},"118":{"start":{"line":406,"column":32},"end":{"line":406,"column":78}},"119":{"start":{"line":408,"column":18},"end":{"line":419,"column":5}},"120":{"start":{"line":421,"column":4},"end":{"line":424,"column":7}},"121":{"start":{"line":426,"column":4},"end":{"line":426,"column":59}},"122":{"start":{"line":427,"column":4},"end":{"line":431,"column":7}},"123":{"start":{"line":440,"column":0},"end":{"line":486,"column":2}},"124":{"start":{"line":441,"column":2},"end":{"line":485,"column":3}},"125":{"start":{"line":442,"column":25},"end":{"line":442,"column":35}},"126":{"start":{"line":444,"column":19},"end":{"line":449,"column":73}},"127":{"start":{"line":451,"column":4},"end":{"line":456,"column":5}},"128":{"start":{"line":452,"column":6},"end":{"line":455,"column":9}},"129":{"start":{"line":459,"column":20},"end":{"line":459,"column":66}},"130":{"start":{"line":460,"column":21},"end":{"line":460,"column":74}},"131":{"start":{"line":462,"column":4},"end":{"line":467,"column":5}},"132":{"start":{"line":463,"column":6},"end":{"line":466,"column":9}},"133":{"start":{"line":470,"column":4},"end":{"line":472,"column":5}},"134":{"start":{"line":471,"column":6},"end":{"line":471,"column":46}},"135":{"start":{"line":474,"column":4},"end":{"line":477,"column":7}},"136":{"start":{"line":479,"column":4},"end":{"line":479,"column":54}},"137":{"start":{"line":480,"column":4},"end":{"line":484,"column":7}},"138":{"start":{"line":493,"column":0},"end":{"line":547,"column":2}},"139":{"start":{"line":494,"column":2},"end":{"line":546,"column":3}},"140":{"start":{"line":495,"column":29},"end":{"line":495,"column":39}},"141":{"start":{"line":496,"column":23},"end":{"line":496,"column":34}},"142":{"start":{"line":499,"column":23},"end":{"line":503,"column":6}},"143":{"start":{"line":505,"column":4},"end":{"line":510,"column":5}},"144":{"start":{"line":506,"column":6},"end":{"line":509,"column":9}},"145":{"start":{"line":513,"column":23},"end":{"line":515,"column":79}},"146":{"start":{"line":517,"column":4},"end":{"line":522,"column":5}},"147":{"start":{"line":518,"column":6},"end":{"line":521,"column":9}},"148":{"start":{"line":525,"column":27},"end":{"line":529,"column":6}},"149":{"start":{"line":531,"column":4},"end":{"line":538,"column":7}},"150":{"start":{"line":540,"column":4},"end":{"line":540,"column":61}},"151":{"start":{"line":541,"column":4},"end":{"line":545,"column":7}},"152":{"start":{"line":554,"column":0},"end":{"line":582,"column":2}},"153":{"start":{"line":555,"column":2},"end":{"line":581,"column":3}},"154":{"start":{"line":556,"column":29},"end":{"line":556,"column":39}},"155":{"start":{"line":558,"column":20},"end":{"line":560,"column":34}},"156":{"start":{"line":563,"column":21},"end":{"line":563,"column":54}},"157":{"start":{"line":565,"column":4},"end":{"line":573,"column":7}},"158":{"start":{"line":571,"column":46},"end":{"line":571,"column":70}},"159":{"start":{"line":575,"column":4},"end":{"line":575,"column":58}},"160":{"start":{"line":576,"column":4},"end":{"line":580,"column":7}},"161":{"start":{"line":585,"column":31},"end":{"line":609,"column":1}},"162":{"start":{"line":586,"column":18},"end":{"line":590,"column":4}},"163":{"start":{"line":592,"column":21},"end":{"line":592,"column":60}},"164":{"start":{"line":594,"column":2},"end":{"line":608,"column":3}},"165":{"start":{"line":595,"column":28},"end":{"line":595,"column":62}},"166":{"start":{"line":595,"column":45},"end":{"line":595,"column":61}},"167":{"start":{"line":597,"column":4},"end":{"line":605,"column":5}},"168":{"start":{"line":597,"column":37},"end":{"line":597,"column":53}},"169":{"start":{"line":598,"column":6},"end":{"line":598,"column":37}},"170":{"start":{"line":600,"column":6},"end":{"line":600,"column":52}},"171":{"start":{"line":601,"column":11},"end":{"line":605,"column":5}},"172":{"start":{"line":601,"column":43},"end":{"line":601,"column":59}},"173":{"start":{"line":602,"column":6},"end":{"line":602,"column":37}},"174":{"start":{"line":603,"column":11},"end":{"line":605,"column":5}},"175":{"start":{"line":603,"column":43},"end":{"line":603,"column":95}},"176":{"start":{"line":604,"column":6},"end":{"line":604,"column":47}},"177":{"start":{"line":607,"column":4},"end":{"line":607,"column":28}},"178":{"start":{"line":612,"column":37},"end":{"line":629,"column":1}},"179":{"start":{"line":613,"column":22},"end":{"line":616,"column":23}},"180":{"start":{"line":618,"column":2},"end":{"line":618,"column":41}},"181":{"start":{"line":618,"column":32},"end":{"line":618,"column":41}},"182":{"start":{"line":620,"column":28},"end":{"line":626,"column":7}},"183":{"start":{"line":621,"column":4},"end":{"line":624,"column":5}},"184":{"start":{"line":622,"column":27},"end":{"line":622,"column":81}},"185":{"start":{"line":623,"column":6},"end":{"line":623,"column":34}},"186":{"start":{"line":625,"column":4},"end":{"line":625,"column":17}},"187":{"start":{"line":628,"column":2},"end":{"line":628,"column":72}},"188":{"start":{"line":632,"column":33},"end":{"line":649,"column":1}},"189":{"start":{"line":633,"column":27},"end":{"line":633,"column":72}},"190":{"start":{"line":633,"column":47},"end":{"line":633,"column":71}},"191":{"start":{"line":635,"column":2},"end":{"line":635,"column":54}},"192":{"start":{"line":635,"column":37},"end":{"line":635,"column":54}},"193":{"start":{"line":637,"column":26},"end":{"line":637,"column":69}},"194":{"start":{"line":637,"column":52},"end":{"line":637,"column":68}},"195":{"start":{"line":640,"column":17},"end":{"line":640,"column":19}},"196":{"start":{"line":641,"column":2},"end":{"line":643,"column":5}},"197":{"start":{"line":642,"column":4},"end":{"line":642,"column":41}},"198":{"start":{"line":645,"column":19},"end":{"line":645,"column":53}},"199":{"start":{"line":646,"column":19},"end":{"line":646,"column":76}},"200":{"start":{"line":646,"column":51},"end":{"line":646,"column":75}},"201":{"start":{"line":648,"column":2},"end":{"line":648,"column":31}},"202":{"start":{"line":651,"column":0},"end":{"line":651,"column":25}}},"fnMap":{"0":{"name":"(anonymous_0)","decl":{"start":{"line":9,"column":23},"end":{"line":9,"column":24}},"loc":{"start":{"line":9,"column":43},"end":{"line":130,"column":1}},"line":9},"1":{"name":"(anonymous_1)","decl":{"start":{"line":56,"column":44},"end":{"line":56,"column":45}},"loc":{"start":{"line":56,"column":60},"end":{"line":56,"column":71}},"line":56},"2":{"name":"(anonymous_2)","decl":{"start":{"line":137,"column":33},"end":{"line":137,"column":34}},"loc":{"start":{"line":137,"column":53},"end":{"line":186,"column":1}},"line":137},"3":{"name":"(anonymous_3)","decl":{"start":{"line":193,"column":34},"end":{"line":193,"column":35}},"loc":{"start":{"line":193,"column":54},"end":{"line":235,"column":1}},"line":193},"4":{"name":"(anonymous_4)","decl":{"start":{"line":242,"column":23},"end":{"line":242,"column":24}},"loc":{"start":{"line":242,"column":43},"end":{"line":287,"column":1}},"line":242},"5":{"name":"(anonymous_5)","decl":{"start":{"line":264,"column":51},"end":{"line":264,"column":52}},"loc":{"start":{"line":264,"column":67},"end":{"line":264,"column":78}},"line":264},"6":{"name":"(anonymous_6)","decl":{"start":{"line":294,"column":23},"end":{"line":294,"column":24}},"loc":{"start":{"line":294,"column":43},"end":{"line":339,"column":1}},"line":294},"7":{"name":"(anonymous_7)","decl":{"start":{"line":346,"column":32},"end":{"line":346,"column":33}},"loc":{"start":{"line":346,"column":52},"end":{"line":433,"column":1}},"line":346},"8":{"name":"(anonymous_8)","decl":{"start":{"line":368,"column":51},"end":{"line":368,"column":52}},"loc":{"start":{"line":368,"column":56},"end":{"line":368,"column":94}},"line":368},"9":{"name":"(anonymous_9)","decl":{"start":{"line":369,"column":51},"end":{"line":369,"column":52}},"loc":{"start":{"line":369,"column":56},"end":{"line":369,"column":94}},"line":369},"10":{"name":"(anonymous_10)","decl":{"start":{"line":370,"column":56},"end":{"line":370,"column":57}},"loc":{"start":{"line":370,"column":61},"end":{"line":370,"column":90}},"line":370},"11":{"name":"(anonymous_11)","decl":{"start":{"line":387,"column":16},"end":{"line":387,"column":17}},"loc":{"start":{"line":387,"column":21},"end":{"line":387,"column":55}},"line":387},"12":{"name":"(anonymous_12)","decl":{"start":{"line":388,"column":13},"end":{"line":388,"column":14}},"loc":{"start":{"line":388,"column":18},"end":{"line":391,"column":9}},"line":388},"13":{"name":"(anonymous_13)","decl":{"start":{"line":397,"column":29},"end":{"line":397,"column":30}},"loc":{"start":{"line":397,"column":39},"end":{"line":401,"column":5}},"line":397},"14":{"name":"(anonymous_14)","decl":{"start":{"line":403,"column":41},"end":{"line":403,"column":42}},"loc":{"start":{"line":403,"column":51},"end":{"line":403,"column":92}},"line":403},"15":{"name":"(anonymous_15)","decl":{"start":{"line":440,"column":27},"end":{"line":440,"column":28}},"loc":{"start":{"line":440,"column":47},"end":{"line":486,"column":1}},"line":440},"16":{"name":"(anonymous_16)","decl":{"start":{"line":493,"column":33},"end":{"line":493,"column":34}},"loc":{"start":{"line":493,"column":53},"end":{"line":547,"column":1}},"line":493},"17":{"name":"(anonymous_17)","decl":{"start":{"line":554,"column":31},"end":{"line":554,"column":32}},"loc":{"start":{"line":554,"column":51},"end":{"line":582,"column":1}},"line":554},"18":{"name":"(anonymous_18)","decl":{"start":{"line":571,"column":41},"end":{"line":571,"column":42}},"loc":{"start":{"line":571,"column":46},"end":{"line":571,"column":70}},"line":571},"19":{"name":"(anonymous_19)","decl":{"start":{"line":585,"column":31},"end":{"line":585,"column":32}},"loc":{"start":{"line":585,"column":55},"end":{"line":609,"column":1}},"line":585},"20":{"name":"(anonymous_20)","decl":{"start":{"line":595,"column":40},"end":{"line":595,"column":41}},"loc":{"start":{"line":595,"column":45},"end":{"line":595,"column":61}},"line":595},"21":{"name":"(anonymous_21)","decl":{"start":{"line":597,"column":30},"end":{"line":597,"column":31}},"loc":{"start":{"line":597,"column":37},"end":{"line":597,"column":53}},"line":597},"22":{"name":"(anonymous_22)","decl":{"start":{"line":601,"column":36},"end":{"line":601,"column":37}},"loc":{"start":{"line":601,"column":43},"end":{"line":601,"column":59}},"line":601},"23":{"name":"(anonymous_23)","decl":{"start":{"line":603,"column":36},"end":{"line":603,"column":37}},"loc":{"start":{"line":603,"column":43},"end":{"line":603,"column":95}},"line":603},"24":{"name":"(anonymous_24)","decl":{"start":{"line":612,"column":37},"end":{"line":612,"column":38}},"loc":{"start":{"line":612,"column":59},"end":{"line":629,"column":1}},"line":612},"25":{"name":"(anonymous_25)","decl":{"start":{"line":620,"column":47},"end":{"line":620,"column":48}},"loc":{"start":{"line":620,"column":70},"end":{"line":626,"column":3}},"line":620},"26":{"name":"(anonymous_26)","decl":{"start":{"line":632,"column":33},"end":{"line":632,"column":34}},"loc":{"start":{"line":632,"column":46},"end":{"line":649,"column":1}},"line":632},"27":{"name":"(anonymous_27)","decl":{"start":{"line":633,"column":42},"end":{"line":633,"column":43}},"loc":{"start":{"line":633,"column":47},"end":{"line":633,"column":71}},"line":633},"28":{"name":"(anonymous_28)","decl":{"start":{"line":637,"column":47},"end":{"line":637,"column":48}},"loc":{"start":{"line":637,"column":52},"end":{"line":637,"column":68}},"line":637},"29":{"name":"(anonymous_29)","decl":{"start":{"line":641,"column":26},"end":{"line":641,"column":27}},"loc":{"start":{"line":641,"column":33},"end":{"line":643,"column":3}},"line":641},"30":{"name":"(anonymous_30)","decl":{"start":{"line":646,"column":44},"end":{"line":646,"column":45}},"loc":{"start":{"line":646,"column":51},"end":{"line":646,"column":75}},"line":646}},"branchMap":{"0":{"loc":{"start":{"line":27,"column":4},"end":{"line":32,"column":5}},"type":"if","locations":[{"start":{"line":27,"column":4},"end":{"line":32,"column":5}},{"start":{},"end":{}}],"line":27},"1":{"loc":{"start":{"line":35,"column":4},"end":{"line":38,"column":5}},"type":"if","locations":[{"start":{"line":35,"column":4},"end":{"line":38,"column":5}},{"start":{},"end":{}}],"line":35},"2":{"loc":{"start":{"line":47,"column":4},"end":{"line":52,"column":5}},"type":"if","locations":[{"start":{"line":47,"column":4},"end":{"line":52,"column":5}},{"start":{},"end":{}}],"line":47},"3":{"loc":{"start":{"line":47,"column":8},"end":{"line":47,"column":63}},"type":"binary-expr","locations":[{"start":{"line":47,"column":8},"end":{"line":47,"column":22}},{"start":{"line":47,"column":26},"end":{"line":47,"column":63}}],"line":47},"4":{"loc":{"start":{"line":59,"column":4},"end":{"line":91,"column":5}},"type":"if","locations":[{"start":{"line":59,"column":4},"end":{"line":91,"column":5}},{"start":{"line":75,"column":11},"end":{"line":91,"column":5}}],"line":59},"5":{"loc":{"start":{"line":109,"column":4},"end":{"line":115,"column":5}},"type":"if","locations":[{"start":{"line":109,"column":4},"end":{"line":115,"column":5}},{"start":{},"end":{}}],"line":109},"6":{"loc":{"start":{"line":147,"column":4},"end":{"line":152,"column":5}},"type":"if","locations":[{"start":{"line":147,"column":4},"end":{"line":152,"column":5}},{"start":{},"end":{}}],"line":147},"7":{"loc":{"start":{"line":158,"column":4},"end":{"line":164,"column":5}},"type":"if","locations":[{"start":{"line":158,"column":4},"end":{"line":164,"column":5}},{"start":{},"end":{}}],"line":158},"8":{"loc":{"start":{"line":160,"column":6},"end":{"line":163,"column":7}},"type":"if","locations":[{"start":{"line":160,"column":6},"end":{"line":163,"column":7}},{"start":{},"end":{}}],"line":160},"9":{"loc":{"start":{"line":204,"column":4},"end":{"line":209,"column":5}},"type":"if","locations":[{"start":{"line":204,"column":4},"end":{"line":209,"column":5}},{"start":{},"end":{}}],"line":204},"10":{"loc":{"start":{"line":254,"column":4},"end":{"line":259,"column":5}},"type":"if","locations":[{"start":{"line":254,"column":4},"end":{"line":259,"column":5}},{"start":{},"end":{}}],"line":254},"11":{"loc":{"start":{"line":262,"column":4},"end":{"line":265,"column":5}},"type":"if","locations":[{"start":{"line":262,"column":4},"end":{"line":265,"column":5}},{"start":{},"end":{}}],"line":262},"12":{"loc":{"start":{"line":296,"column":20},"end":{"line":296,"column":28}},"type":"default-arg","locations":[{"start":{"line":296,"column":27},"end":{"line":296,"column":28}}],"line":296},"13":{"loc":{"start":{"line":296,"column":30},"end":{"line":296,"column":41}},"type":"default-arg","locations":[{"start":{"line":296,"column":38},"end":{"line":296,"column":41}}],"line":296},"14":{"loc":{"start":{"line":299,"column":4},"end":{"line":301,"column":5}},"type":"if","locations":[{"start":{"line":299,"column":4},"end":{"line":301,"column":5}},{"start":{},"end":{}}],"line":299},"15":{"loc":{"start":{"line":385,"column":4},"end":{"line":393,"column":5}},"type":"if","locations":[{"start":{"line":385,"column":4},"end":{"line":393,"column":5}},{"start":{},"end":{}}],"line":385},"16":{"loc":{"start":{"line":387,"column":21},"end":{"line":387,"column":55}},"type":"binary-expr","locations":[{"start":{"line":387,"column":21},"end":{"line":387,"column":29}},{"start":{"line":387,"column":33},"end":{"line":387,"column":55}}],"line":387},"17":{"loc":{"start":{"line":392,"column":26},"end":{"line":392,"column":83}},"type":"cond-expr","locations":[{"start":{"line":392,"column":53},"end":{"line":392,"column":79}},{"start":{"line":392,"column":82},"end":{"line":392,"column":83}}],"line":392},"18":{"loc":{"start":{"line":398,"column":6},"end":{"line":400,"column":7}},"type":"if","locations":[{"start":{"line":398,"column":6},"end":{"line":400,"column":7}},{"start":{},"end":{}}],"line":398},"19":{"loc":{"start":{"line":398,"column":10},"end":{"line":398,"column":55}},"type":"binary-expr","locations":[{"start":{"line":398,"column":10},"end":{"line":398,"column":27}},{"start":{"line":398,"column":31},"end":{"line":398,"column":55}}],"line":398},"20":{"loc":{"start":{"line":399,"column":50},"end":{"line":399,"column":93}},"type":"binary-expr","locations":[{"start":{"line":399,"column":50},"end":{"line":399,"column":88}},{"start":{"line":399,"column":92},"end":{"line":399,"column":93}}],"line":399},"21":{"loc":{"start":{"line":402,"column":22},"end":{"line":404,"column":12}},"type":"cond-expr","locations":[{"start":{"line":403,"column":8},"end":{"line":403,"column":93}},{"start":{"line":404,"column":8},"end":{"line":404,"column":12}}],"line":402},"22":{"loc":{"start":{"line":403,"column":51},"end":{"line":403,"column":92}},"type":"cond-expr","locations":[{"start":{"line":403,"column":87},"end":{"line":403,"column":88}},{"start":{"line":403,"column":91},"end":{"line":403,"column":92}}],"line":403},"23":{"loc":{"start":{"line":412,"column":20},"end":{"line":412,"column":109}},"type":"cond-expr","locations":[{"start":{"line":412,"column":52},"end":{"line":412,"column":105}},{"start":{"line":412,"column":108},"end":{"line":412,"column":109}}],"line":412},"24":{"loc":{"start":{"line":451,"column":4},"end":{"line":456,"column":5}},"type":"if","locations":[{"start":{"line":451,"column":4},"end":{"line":456,"column":5}},{"start":{},"end":{}}],"line":451},"25":{"loc":{"start":{"line":460,"column":21},"end":{"line":460,"column":74}},"type":"binary-expr","locations":[{"start":{"line":460,"column":21},"end":{"line":460,"column":42}},{"start":{"line":460,"column":46},"end":{"line":460,"column":74}}],"line":460},"26":{"loc":{"start":{"line":462,"column":4},"end":{"line":467,"column":5}},"type":"if","locations":[{"start":{"line":462,"column":4},"end":{"line":467,"column":5}},{"start":{},"end":{}}],"line":462},"27":{"loc":{"start":{"line":462,"column":8},"end":{"line":462,"column":29}},"type":"binary-expr","locations":[{"start":{"line":462,"column":8},"end":{"line":462,"column":16}},{"start":{"line":462,"column":20},"end":{"line":462,"column":29}}],"line":462},"28":{"loc":{"start":{"line":470,"column":4},"end":{"line":472,"column":5}},"type":"if","locations":[{"start":{"line":470,"column":4},"end":{"line":472,"column":5}},{"start":{},"end":{}}],"line":470},"29":{"loc":{"start":{"line":505,"column":4},"end":{"line":510,"column":5}},"type":"if","locations":[{"start":{"line":505,"column":4},"end":{"line":510,"column":5}},{"start":{},"end":{}}],"line":505},"30":{"loc":{"start":{"line":517,"column":4},"end":{"line":522,"column":5}},"type":"if","locations":[{"start":{"line":517,"column":4},"end":{"line":522,"column":5}},{"start":{},"end":{}}],"line":517},"31":{"loc":{"start":{"line":594,"column":2},"end":{"line":608,"column":3}},"type":"if","locations":[{"start":{"line":594,"column":2},"end":{"line":608,"column":3}},{"start":{},"end":{}}],"line":594},"32":{"loc":{"start":{"line":597,"column":4},"end":{"line":605,"column":5}},"type":"if","locations":[{"start":{"line":597,"column":4},"end":{"line":605,"column":5}},{"start":{"line":601,"column":11},"end":{"line":605,"column":5}}],"line":597},"33":{"loc":{"start":{"line":601,"column":11},"end":{"line":605,"column":5}},"type":"if","locations":[{"start":{"line":601,"column":11},"end":{"line":605,"column":5}},{"start":{"line":603,"column":11},"end":{"line":605,"column":5}}],"line":601},"34":{"loc":{"start":{"line":603,"column":11},"end":{"line":605,"column":5}},"type":"if","locations":[{"start":{"line":603,"column":11},"end":{"line":605,"column":5}},{"start":{},"end":{}}],"line":603},"35":{"loc":{"start":{"line":618,"column":2},"end":{"line":618,"column":41}},"type":"if","locations":[{"start":{"line":618,"column":2},"end":{"line":618,"column":41}},{"start":{},"end":{}}],"line":618},"36":{"loc":{"start":{"line":621,"column":4},"end":{"line":624,"column":5}},"type":"if","locations":[{"start":{"line":621,"column":4},"end":{"line":624,"column":5}},{"start":{},"end":{}}],"line":621},"37":{"loc":{"start":{"line":621,"column":8},"end":{"line":621,"column":60}},"type":"binary-expr","locations":[{"start":{"line":621,"column":8},"end":{"line":621,"column":25}},{"start":{"line":621,"column":29},"end":{"line":621,"column":60}}],"line":621},"38":{"loc":{"start":{"line":635,"column":2},"end":{"line":635,"column":54}},"type":"if","locations":[{"start":{"line":635,"column":2},"end":{"line":635,"column":54}},{"start":{},"end":{}}],"line":635},"39":{"loc":{"start":{"line":642,"column":19},"end":{"line":642,"column":35}},"type":"binary-expr","locations":[{"start":{"line":642,"column":19},"end":{"line":642,"column":30}},{"start":{"line":642,"column":34},"end":{"line":642,"column":35}}],"line":642},"40":{"loc":{"start":{"line":648,"column":9},"end":{"line":648,"column":30}},"type":"binary-expr","locations":[{"start":{"line":648,"column":9},"end":{"line":648,"column":17}},{"start":{"line":648,"column":21},"end":{"line":648,"column":30}}],"line":648}},"s":{"0":1,"1":1,"2":1,"3":1,"4":1,"5":1,"6":1,"7":0,"8":0,"9":0,"10":0,"11":0,"12":0,"13":0,"14":0,"15":0,"16":0,"17":0,"18":0,"19":0,"20":0,"21":0,"22":0,"23":0,"24":0,"25":0,"26":0,"27":0,"28":0,"29":0,"30":0,"31":0,"32":0,"33":0,"34":0,"35":0,"36":1,"37":0,"38":0,"39":0,"40":0,"41":0,"42":0,"43":0,"44":0,"45":0,"46":0,"47":0,"48":0,"49":0,"50":0,"51":0,"52":0,"53":1,"54":0,"55":0,"56":0,"57":0,"58":0,"59":0,"60":0,"61":0,"62":0,"63":0,"64":0,"65":0,"66":1,"67":0,"68":0,"69":0,"70":0,"71":0,"72":0,"73":0,"74":0,"75":0,"76":0,"77":0,"78":0,"79":0,"80":0,"81":1,"82":0,"83":0,"84":0,"85":0,"86":0,"87":0,"88":0,"89":0,"90":0,"91":0,"92":1,"93":0,"94":0,"95":0,"96":0,"97":0,"98":0,"99":0,"100":0,"101":0,"102":0,"103":0,"104":0,"105":0,"106":0,"107":0,"108":0,"109":0,"110":0,"111":0,"112":0,"113":0,"114":0,"115":0,"116":0,"117":0,"118":0,"119":0,"120":0,"121":0,"122":0,"123":1,"124":0,"125":0,"126":0,"127":0,"128":0,"129":0,"130":0,"131":0,"132":0,"133":0,"134":0,"135":0,"136":0,"137":0,"138":1,"139":0,"140":0,"141":0,"142":0,"143":0,"144":0,"145":0,"146":0,"147":0,"148":0,"149":0,"150":0,"151":0,"152":1,"153":0,"154":0,"155":0,"156":0,"157":0,"158":0,"159":0,"160":0,"161":1,"162":0,"163":0,"164":0,"165":0,"166":0,"167":0,"168":0,"169":0,"170":0,"171":0,"172":0,"173":0,"174":0,"175":0,"176":0,"177":0,"178":1,"179":0,"180":0,"181":0,"182":0,"183":0,"184":0,"185":0,"186":0,"187":0,"188":1,"189":0,"190":0,"191":0,"192":0,"193":0,"194":0,"195":0,"196":0,"197":0,"198":0,"199":0,"200":0,"201":0,"202":1},"f":{"0":0,"1":0,"2":0,"3":0,"4":0,"5":0,"6":0,"7":0,"8":0,"9":0,"10":0,"11":0,"12":0,"13":0,"14":0,"15":0,"16":0,"17":0,"18":0,"19":0,"20":0,"21":0,"22":0,"23":0,"24":0,"25":0,"26":0,"27":0,"28":0,"29":0,"30":0},"b":{"0":[0,0],"1":[0,0],"2":[0,0],"3":[0,0],"4":[0,0],"5":[0,0],"6":[0,0],"7":[0,0],"8":[0,0],"9":[0,0],"10":[0,0],"11":[0,0],"12":[0],"13":[0],"14":[0,0],"15":[0,0],"16":[0,0],"17":[0,0],"18":[0,0],"19":[0,0],"20":[0,0],"21":[0,0],"22":[0,0],"23":[0,0],"24":[0,0],"25":[0,0],"26":[0,0],"27":[0,0],"28":[0,0],"29":[0,0],"30":[0,0],"31":[0,0],"32":[0,0],"33":[0,0],"34":[0,0],"35":[0,0],"36":[0,0],"37":[0,0],"38":[0,0],"39":[0,0],"40":[0,0]},"_coverageSchema":"1a1c01bbd47fc00a2c39e90264f33305004495a9","hash":"41eef1f97b0ec153efc985dafb30e38584eccd1d"}
,"/Users/raghunandandev/Downloads/IS project 2/backend/controllers/adminController.js": {"path":"/Users/raghunandandev/Downloads/IS project 2/backend/controllers/adminController.js","statementMap":{"0":{"start":{"line":2,"column":13},"end":{"line":2,"column":38}},"1":{"start":{"line":3,"column":19},"end":{"line":3,"column":50}},"2":{"start":{"line":4,"column":19},"end":{"line":4,"column":50}},"3":{"start":{"line":5,"column":21},"end":{"line":5,"column":56}},"4":{"start":{"line":6,"column":29},"end":{"line":6,"column":57}},"5":{"start":{"line":8,"column":0},"end":{"line":64,"column":2}},"6":{"start":{"line":9,"column":2},"end":{"line":63,"column":3}},"7":{"start":{"line":20,"column":8},"end":{"line":30,"column":6}},"8":{"start":{"line":32,"column":4},"end":{"line":56,"column":7}},"9":{"start":{"line":44,"column":33},"end":{"line":49,"column":9}},"10":{"start":{"line":50,"column":41},"end":{"line":54,"column":9}},"11":{"start":{"line":58,"column":4},"end":{"line":62,"column":7}},"12":{"start":{"line":66,"column":0},"end":{"line":96,"column":2}},"13":{"start":{"line":67,"column":2},"end":{"line":95,"column":3}},"14":{"start":{"line":68,"column":24},"end":{"line":72,"column":30}},"15":{"start":{"line":74,"column":4},"end":{"line":88,"column":7}},"16":{"start":{"line":77,"column":45},"end":{"line":86,"column":9}},"17":{"start":{"line":90,"column":4},"end":{"line":94,"column":7}},"18":{"start":{"line":98,"column":0},"end":{"line":173,"column":2}},"19":{"start":{"line":99,"column":2},"end":{"line":172,"column":3}},"20":{"start":{"line":100,"column":19},"end":{"line":100,"column":40}},"21":{"start":{"line":101,"column":4},"end":{"line":107,"column":5}},"22":{"start":{"line":102,"column":6},"end":{"line":106,"column":9}},"23":{"start":{"line":109,"column":50},"end":{"line":109,"column":58}},"24":{"start":{"line":111,"column":23},"end":{"line":111,"column":62}},"25":{"start":{"line":112,"column":21},"end":{"line":112,"column":52}},"26":{"start":{"line":113,"column":19},"end":{"line":113,"column":30}},"27":{"start":{"line":115,"column":4},"end":{"line":120,"column":5}},"28":{"start":{"line":116,"column":6},"end":{"line":119,"column":9}},"29":{"start":{"line":122,"column":4},"end":{"line":127,"column":5}},"30":{"start":{"line":123,"column":6},"end":{"line":126,"column":9}},"31":{"start":{"line":130,"column":31},"end":{"line":134,"column":6}},"32":{"start":{"line":136,"column":4},"end":{"line":141,"column":5}},"33":{"start":{"line":137,"column":6},"end":{"line":140,"column":9}},"34":{"start":{"line":143,"column":23},"end":{"line":149,"column":6}},"35":{"start":{"line":151,"column":4},"end":{"line":151,"column":28}},"36":{"start":{"line":154,"column":4},"end":{"line":154,"column":39}},"37":{"start":{"line":155,"column":4},"end":{"line":155,"column":47}},"38":{"start":{"line":156,"column":4},"end":{"line":156,"column":28}},"39":{"start":{"line":159,"column":4},"end":{"line":159,"column":86}},"40":{"start":{"line":161,"column":4},"end":{"line":165,"column":7}},"41":{"start":{"line":167,"column":4},"end":{"line":171,"column":7}},"42":{"start":{"line":175,"column":0},"end":{"line":203,"column":2}},"43":{"start":{"line":176,"column":2},"end":{"line":202,"column":3}},"44":{"start":{"line":177,"column":30},"end":{"line":177,"column":38}},"45":{"start":{"line":179,"column":17},"end":{"line":179,"column":44}},"46":{"start":{"line":180,"column":4},"end":{"line":185,"column":5}},"47":{"start":{"line":181,"column":6},"end":{"line":184,"column":9}},"48":{"start":{"line":188,"column":4},"end":{"line":188,"column":45}},"49":{"start":{"line":189,"column":4},"end":{"line":189,"column":22}},"50":{"start":{"line":191,"column":4},"end":{"line":195,"column":7}},"51":{"start":{"line":197,"column":4},"end":{"line":201,"column":7}},"52":{"start":{"line":205,"column":0},"end":{"line":241,"column":2}},"53":{"start":{"line":206,"column":2},"end":{"line":240,"column":3}},"54":{"start":{"line":207,"column":19},"end":{"line":207,"column":40}},"55":{"start":{"line":208,"column":4},"end":{"line":214,"column":5}},"56":{"start":{"line":209,"column":6},"end":{"line":213,"column":9}},"57":{"start":{"line":216,"column":23},"end":{"line":216,"column":31}},"58":{"start":{"line":217,"column":23},"end":{"line":217,"column":63}},"59":{"start":{"line":219,"column":4},"end":{"line":224,"column":5}},"60":{"start":{"line":220,"column":6},"end":{"line":223,"column":9}},"61":{"start":{"line":226,"column":4},"end":{"line":226,"column":31}},"62":{"start":{"line":227,"column":4},"end":{"line":227,"column":28}},"63":{"start":{"line":229,"column":4},"end":{"line":233,"column":7}},"64":{"start":{"line":235,"column":4},"end":{"line":239,"column":7}},"65":{"start":{"line":248,"column":0},"end":{"line":273,"column":2}},"66":{"start":{"line":249,"column":2},"end":{"line":272,"column":3}},"67":{"start":{"line":250,"column":25},"end":{"line":250,"column":33}},"68":{"start":{"line":251,"column":23},"end":{"line":251,"column":63}},"69":{"start":{"line":253,"column":4},"end":{"line":253,"column":102}},"70":{"start":{"line":253,"column":21},"end":{"line":253,"column":102}},"71":{"start":{"line":255,"column":4},"end":{"line":264,"column":5}},"72":{"start":{"line":256,"column":6},"end":{"line":256,"column":37}},"73":{"start":{"line":258,"column":6},"end":{"line":258,"column":52}},"74":{"start":{"line":259,"column":11},"end":{"line":264,"column":5}},"75":{"start":{"line":260,"column":6},"end":{"line":260,"column":37}},"76":{"start":{"line":261,"column":6},"end":{"line":261,"column":52}},"77":{"start":{"line":263,"column":6},"end":{"line":263,"column":83}},"78":{"start":{"line":266,"column":4},"end":{"line":266,"column":28}},"79":{"start":{"line":268,"column":4},"end":{"line":268,"column":91}},"80":{"start":{"line":270,"column":4},"end":{"line":270,"column":51}},"81":{"start":{"line":271,"column":4},"end":{"line":271,"column":104}},"82":{"start":{"line":280,"column":0},"end":{"line":315,"column":2}},"83":{"start":{"line":281,"column":2},"end":{"line":314,"column":3}},"84":{"start":{"line":282,"column":23},"end":{"line":282,"column":95}},"85":{"start":{"line":283,"column":4},"end":{"line":283,"column":102}},"86":{"start":{"line":283,"column":21},"end":{"line":283,"column":102}},"87":{"start":{"line":285,"column":4},"end":{"line":287,"column":5}},"88":{"start":{"line":286,"column":6},"end":{"line":286,"column":110}},"89":{"start":{"line":290,"column":20},"end":{"line":296,"column":5}},"90":{"start":{"line":298,"column":4},"end":{"line":298,"column":52}},"91":{"start":{"line":299,"column":4},"end":{"line":299,"column":38}},"92":{"start":{"line":300,"column":4},"end":{"line":300,"column":50}},"93":{"start":{"line":301,"column":4},"end":{"line":301,"column":28}},"94":{"start":{"line":304,"column":4},"end":{"line":308,"column":5}},"95":{"start":{"line":305,"column":6},"end":{"line":305,"column":111}},"96":{"start":{"line":307,"column":6},"end":{"line":307,"column":61}},"97":{"start":{"line":310,"column":4},"end":{"line":310,"column":81}},"98":{"start":{"line":312,"column":4},"end":{"line":312,"column":51}},"99":{"start":{"line":313,"column":4},"end":{"line":313,"column":104}}},"fnMap":{"0":{"name":"(anonymous_0)","decl":{"start":{"line":8,"column":28},"end":{"line":8,"column":29}},"loc":{"start":{"line":8,"column":49},"end":{"line":64,"column":1}},"line":8},"1":{"name":"(anonymous_1)","decl":{"start":{"line":44,"column":25},"end":{"line":44,"column":26}},"loc":{"start":{"line":44,"column":33},"end":{"line":49,"column":9}},"line":44},"2":{"name":"(anonymous_2)","decl":{"start":{"line":50,"column":33},"end":{"line":50,"column":34}},"loc":{"start":{"line":50,"column":41},"end":{"line":54,"column":9}},"line":50},"3":{"name":"(anonymous_3)","decl":{"start":{"line":66,"column":32},"end":{"line":66,"column":33}},"loc":{"start":{"line":66,"column":53},"end":{"line":96,"column":1}},"line":66},"4":{"name":"(anonymous_4)","decl":{"start":{"line":77,"column":37},"end":{"line":77,"column":38}},"loc":{"start":{"line":77,"column":45},"end":{"line":86,"column":9}},"line":77},"5":{"name":"(anonymous_5)","decl":{"start":{"line":98,"column":25},"end":{"line":98,"column":26}},"loc":{"start":{"line":98,"column":45},"end":{"line":173,"column":1}},"line":98},"6":{"name":"(anonymous_6)","decl":{"start":{"line":175,"column":26},"end":{"line":175,"column":27}},"loc":{"start":{"line":175,"column":46},"end":{"line":203,"column":1}},"line":175},"7":{"name":"(anonymous_7)","decl":{"start":{"line":205,"column":30},"end":{"line":205,"column":31}},"loc":{"start":{"line":205,"column":50},"end":{"line":241,"column":1}},"line":205},"8":{"name":"(anonymous_8)","decl":{"start":{"line":248,"column":25},"end":{"line":248,"column":26}},"loc":{"start":{"line":248,"column":45},"end":{"line":273,"column":1}},"line":248},"9":{"name":"(anonymous_9)","decl":{"start":{"line":280,"column":25},"end":{"line":280,"column":26}},"loc":{"start":{"line":280,"column":45},"end":{"line":315,"column":1}},"line":280}},"branchMap":{"0":{"loc":{"start":{"line":53,"column":21},"end":{"line":53,"column":66}},"type":"binary-expr","locations":[{"start":{"line":53,"column":21},"end":{"line":53,"column":53}},{"start":{"line":53,"column":57},"end":{"line":53,"column":66}}],"line":53},"1":{"loc":{"start":{"line":80,"column":18},"end":{"line":82,"column":23}},"type":"cond-expr","locations":[{"start":{"line":81,"column":14},"end":{"line":81,"column":84}},{"start":{"line":82,"column":14},"end":{"line":82,"column":23}}],"line":80},"2":{"loc":{"start":{"line":101,"column":4},"end":{"line":107,"column":5}},"type":"if","locations":[{"start":{"line":101,"column":4},"end":{"line":107,"column":5}},{"start":{},"end":{}}],"line":101},"3":{"loc":{"start":{"line":115,"column":4},"end":{"line":120,"column":5}},"type":"if","locations":[{"start":{"line":115,"column":4},"end":{"line":120,"column":5}},{"start":{},"end":{}}],"line":115},"4":{"loc":{"start":{"line":122,"column":4},"end":{"line":127,"column":5}},"type":"if","locations":[{"start":{"line":122,"column":4},"end":{"line":127,"column":5}},{"start":{},"end":{}}],"line":122},"5":{"loc":{"start":{"line":122,"column":8},"end":{"line":122,"column":45}},"type":"binary-expr","locations":[{"start":{"line":122,"column":8},"end":{"line":122,"column":17}},{"start":{"line":122,"column":21},"end":{"line":122,"column":45}}],"line":122},"6":{"loc":{"start":{"line":136,"column":4},"end":{"line":141,"column":5}},"type":"if","locations":[{"start":{"line":136,"column":4},"end":{"line":141,"column":5}},{"start":{},"end":{}}],"line":136},"7":{"loc":{"start":{"line":148,"column":15},"end":{"line":148,"column":92}},"type":"cond-expr","locations":[{"start":{"line":148,"column":25},"end":{"line":148,"column":42}},{"start":{"line":148,"column":45},"end":{"line":148,"column":92}}],"line":148},"8":{"loc":{"start":{"line":180,"column":4},"end":{"line":185,"column":5}},"type":"if","locations":[{"start":{"line":180,"column":4},"end":{"line":185,"column":5}},{"start":{},"end":{}}],"line":180},"9":{"loc":{"start":{"line":208,"column":4},"end":{"line":214,"column":5}},"type":"if","locations":[{"start":{"line":208,"column":4},"end":{"line":214,"column":5}},{"start":{},"end":{}}],"line":208},"10":{"loc":{"start":{"line":219,"column":4},"end":{"line":224,"column":5}},"type":"if","locations":[{"start":{"line":219,"column":4},"end":{"line":224,"column":5}},{"start":{},"end":{}}],"line":219},"11":{"loc":{"start":{"line":253,"column":4},"end":{"line":253,"column":102}},"type":"if","locations":[{"start":{"line":253,"column":4},"end":{"line":253,"column":102}},{"start":{},"end":{}}],"line":253},"12":{"loc":{"start":{"line":255,"column":4},"end":{"line":264,"column":5}},"type":"if","locations":[{"start":{"line":255,"column":4},"end":{"line":264,"column":5}},{"start":{"line":259,"column":11},"end":{"line":264,"column":5}}],"line":255},"13":{"loc":{"start":{"line":259,"column":11},"end":{"line":264,"column":5}},"type":"if","locations":[{"start":{"line":259,"column":11},"end":{"line":264,"column":5}},{"start":{"line":262,"column":11},"end":{"line":264,"column":5}}],"line":259},"14":{"loc":{"start":{"line":283,"column":4},"end":{"line":283,"column":102}},"type":"if","locations":[{"start":{"line":283,"column":4},"end":{"line":283,"column":102}},{"start":{},"end":{}}],"line":283},"15":{"loc":{"start":{"line":285,"column":4},"end":{"line":287,"column":5}},"type":"if","locations":[{"start":{"line":285,"column":4},"end":{"line":287,"column":5}},{"start":{},"end":{}}],"line":285},"16":{"loc":{"start":{"line":285,"column":8},"end":{"line":285,"column":91}},"type":"binary-expr","locations":[{"start":{"line":285,"column":8},"end":{"line":285,"column":55}},{"start":{"line":285,"column":59},"end":{"line":285,"column":91}}],"line":285},"17":{"loc":{"start":{"line":298,"column":26},"end":{"line":298,"column":51}},"type":"binary-expr","locations":[{"start":{"line":298,"column":26},"end":{"line":298,"column":45}},{"start":{"line":298,"column":49},"end":{"line":298,"column":51}}],"line":298}},"s":{"0":1,"1":1,"2":1,"3":1,"4":1,"5":1,"6":0,"7":0,"8":0,"9":0,"10":0,"11":0,"12":1,"13":0,"14":0,"15":0,"16":0,"17":0,"18":1,"19":0,"20":0,"21":0,"22":0,"23":0,"24":0,"25":0,"26":0,"27":0,"28":0,"29":0,"30":0,"31":0,"32":0,"33":0,"34":0,"35":0,"36":0,"37":0,"38":0,"39":0,"40":0,"41":0,"42":1,"43":0,"44":0,"45":0,"46":0,"47":0,"48":0,"49":0,"50":0,"51":0,"52":1,"53":0,"54":0,"55":0,"56":0,"57":0,"58":0,"59":0,"60":0,"61":0,"62":0,"63":0,"64":0,"65":1,"66":0,"67":0,"68":0,"69":0,"70":0,"71":0,"72":0,"73":0,"74":0,"75":0,"76":0,"77":0,"78":0,"79":0,"80":0,"81":0,"82":1,"83":0,"84":0,"85":0,"86":0,"87":0,"88":0,"89":0,"90":0,"91":0,"92":0,"93":0,"94":0,"95":0,"96":0,"97":0,"98":0,"99":0},"f":{"0":0,"1":0,"2":0,"3":0,"4":0,"5":0,"6":0,"7":0,"8":0,"9":0},"b":{"0":[0,0],"1":[0,0],"2":[0,0],"3":[0,0],"4":[0,0],"5":[0,0],"6":[0,0],"7":[0,0],"8":[0,0],"9":[0,0],"10":[0,0],"11":[0,0],"12":[0,0],"13":[0,0],"14":[0,0],"15":[0,0],"16":[0,0],"17":[0,0]},"_coverageSchema":"1a1c01bbd47fc00a2c39e90264f33305004495a9","hash":"633b5ce9616d73f209c1f8902fed67c5354eb193"}
,"/Users/raghunandandev/Downloads/IS project 2/backend/controllers/authController.js": {"path":"/Users/raghunandandev/Downloads/IS project 2/backend/controllers/authController.js","statementMap":{"0":{"start":{"line":2,"column":13},"end":{"line":2,"column":38}},"1":{"start":{"line":3,"column":12},"end":{"line":3,"column":35}},"2":{"start":{"line":4,"column":15},"end":{"line":4,"column":39}},"3":{"start":{"line":5,"column":29},"end":{"line":5,"column":57}},"4":{"start":{"line":6,"column":25},"end":{"line":6,"column":55}},"5":{"start":{"line":9,"column":24},"end":{"line":18,"column":1}},"6":{"start":{"line":10,"column":2},"end":{"line":12,"column":3}},"7":{"start":{"line":11,"column":4},"end":{"line":11,"column":118}},"8":{"start":{"line":13,"column":2},"end":{"line":17,"column":4}},"9":{"start":{"line":20,"column":22},"end":{"line":24,"column":1}},"10":{"start":{"line":21,"column":2},"end":{"line":23,"column":5}},"11":{"start":{"line":26,"column":0},"end":{"line":101,"column":2}},"12":{"start":{"line":27,"column":2},"end":{"line":100,"column":3}},"13":{"start":{"line":28,"column":19},"end":{"line":28,"column":40}},"14":{"start":{"line":29,"column":4},"end":{"line":35,"column":5}},"15":{"start":{"line":30,"column":6},"end":{"line":34,"column":9}},"16":{"start":{"line":37,"column":75},"end":{"line":37,"column":83}},"17":{"start":{"line":40,"column":25},"end":{"line":40,"column":54}},"18":{"start":{"line":41,"column":4},"end":{"line":46,"column":5}},"19":{"start":{"line":42,"column":6},"end":{"line":45,"column":9}},"20":{"start":{"line":49,"column":17},"end":{"line":58,"column":6}},"21":{"start":{"line":60,"column":4},"end":{"line":60,"column":22}},"22":{"start":{"line":79,"column":18},"end":{"line":79,"column":42}},"23":{"start":{"line":80,"column":4},"end":{"line":93,"column":7}},"24":{"start":{"line":95,"column":4},"end":{"line":99,"column":7}},"25":{"start":{"line":161,"column":0},"end":{"line":227,"column":2}},"26":{"start":{"line":162,"column":2},"end":{"line":226,"column":3}},"27":{"start":{"line":163,"column":19},"end":{"line":163,"column":40}},"28":{"start":{"line":164,"column":4},"end":{"line":170,"column":5}},"29":{"start":{"line":165,"column":6},"end":{"line":169,"column":9}},"30":{"start":{"line":172,"column":32},"end":{"line":172,"column":40}},"31":{"start":{"line":173,"column":17},"end":{"line":173,"column":66}},"32":{"start":{"line":175,"column":4},"end":{"line":180,"column":5}},"33":{"start":{"line":176,"column":6},"end":{"line":179,"column":9}},"34":{"start":{"line":198,"column":20},"end":{"line":198,"column":56}},"35":{"start":{"line":199,"column":4},"end":{"line":204,"column":5}},"36":{"start":{"line":200,"column":6},"end":{"line":203,"column":9}},"37":{"start":{"line":206,"column":18},"end":{"line":206,"column":42}},"38":{"start":{"line":207,"column":4},"end":{"line":219,"column":7}},"39":{"start":{"line":221,"column":4},"end":{"line":221,"column":41}},"40":{"start":{"line":222,"column":4},"end":{"line":225,"column":7}},"41":{"start":{"line":229,"column":0},"end":{"line":244,"column":2}},"42":{"start":{"line":230,"column":2},"end":{"line":243,"column":3}},"43":{"start":{"line":231,"column":17},"end":{"line":231,"column":49}},"44":{"start":{"line":233,"column":4},"end":{"line":236,"column":7}},"45":{"start":{"line":238,"column":4},"end":{"line":242,"column":7}},"46":{"start":{"line":247,"column":0},"end":{"line":260,"column":2}},"47":{"start":{"line":248,"column":2},"end":{"line":259,"column":3}},"48":{"start":{"line":249,"column":25},"end":{"line":249,"column":42}},"49":{"start":{"line":250,"column":16},"end":{"line":254,"column":6}},"50":{"start":{"line":255,"column":4},"end":{"line":255,"column":29}},"51":{"start":{"line":257,"column":4},"end":{"line":257,"column":57}},"52":{"start":{"line":258,"column":4},"end":{"line":258,"column":76}},"53":{"start":{"line":263,"column":0},"end":{"line":345,"column":2}},"54":{"start":{"line":264,"column":2},"end":{"line":344,"column":3}},"55":{"start":{"line":265,"column":25},"end":{"line":265,"column":42}},"56":{"start":{"line":266,"column":17},"end":{"line":266,"column":31}},"57":{"start":{"line":267,"column":4},"end":{"line":270,"column":5}},"58":{"start":{"line":268,"column":26},"end":{"line":268,"column":167}},"59":{"start":{"line":269,"column":6},"end":{"line":269,"column":39}},"60":{"start":{"line":273,"column":23},"end":{"line":273,"column":56}},"61":{"start":{"line":274,"column":4},"end":{"line":277,"column":5}},"62":{"start":{"line":275,"column":26},"end":{"line":275,"column":179}},"63":{"start":{"line":276,"column":6},"end":{"line":276,"column":39}},"64":{"start":{"line":280,"column":19},"end":{"line":280,"column":116}},"65":{"start":{"line":281,"column":20},"end":{"line":281,"column":39}},"66":{"start":{"line":282,"column":86},"end":{"line":282,"column":99}},"67":{"start":{"line":284,"column":4},"end":{"line":284,"column":116}},"68":{"start":{"line":287,"column":4},"end":{"line":291,"column":5}},"69":{"start":{"line":288,"column":6},"end":{"line":288,"column":64}},"70":{"start":{"line":289,"column":26},"end":{"line":289,"column":194}},"71":{"start":{"line":290,"column":6},"end":{"line":290,"column":39}},"72":{"start":{"line":294,"column":15},"end":{"line":294,"column":69}},"73":{"start":{"line":295,"column":4},"end":{"line":295,"column":89}},"74":{"start":{"line":298,"column":4},"end":{"line":301,"column":5}},"75":{"start":{"line":299,"column":6},"end":{"line":299,"column":43}},"76":{"start":{"line":300,"column":6},"end":{"line":300,"column":107}},"77":{"start":{"line":304,"column":4},"end":{"line":308,"column":5}},"78":{"start":{"line":305,"column":6},"end":{"line":305,"column":113}},"79":{"start":{"line":306,"column":26},"end":{"line":306,"column":226}},"80":{"start":{"line":307,"column":6},"end":{"line":307,"column":39}},"81":{"start":{"line":311,"column":4},"end":{"line":330,"column":5}},"82":{"start":{"line":312,"column":6},"end":{"line":312,"column":86}},"83":{"start":{"line":314,"column":35},"end":{"line":314,"column":72}},"84":{"start":{"line":315,"column":23},"end":{"line":315,"column":58}},"85":{"start":{"line":317,"column":6},"end":{"line":324,"column":9}},"86":{"start":{"line":326,"column":6},"end":{"line":326,"column":24}},"87":{"start":{"line":327,"column":6},"end":{"line":327,"column":79}},"88":{"start":{"line":329,"column":6},"end":{"line":329,"column":86}},"89":{"start":{"line":333,"column":18},"end":{"line":333,"column":42}},"90":{"start":{"line":334,"column":4},"end":{"line":334,"column":100}},"91":{"start":{"line":337,"column":24},"end":{"line":337,"column":123}},"92":{"start":{"line":338,"column":4},"end":{"line":338,"column":88}},"93":{"start":{"line":339,"column":4},"end":{"line":339,"column":37}},"94":{"start":{"line":341,"column":4},"end":{"line":341,"column":48}},"95":{"start":{"line":342,"column":24},"end":{"line":342,"column":169}},"96":{"start":{"line":343,"column":4},"end":{"line":343,"column":37}}},"fnMap":{"0":{"name":"(anonymous_0)","decl":{"start":{"line":9,"column":24},"end":{"line":9,"column":25}},"loc":{"start":{"line":9,"column":30},"end":{"line":18,"column":1}},"line":9},"1":{"name":"(anonymous_1)","decl":{"start":{"line":20,"column":22},"end":{"line":20,"column":23}},"loc":{"start":{"line":20,"column":34},"end":{"line":24,"column":1}},"line":20},"2":{"name":"(anonymous_2)","decl":{"start":{"line":26,"column":19},"end":{"line":26,"column":20}},"loc":{"start":{"line":26,"column":39},"end":{"line":101,"column":1}},"line":26},"3":{"name":"(anonymous_3)","decl":{"start":{"line":161,"column":16},"end":{"line":161,"column":17}},"loc":{"start":{"line":161,"column":36},"end":{"line":227,"column":1}},"line":161},"4":{"name":"(anonymous_4)","decl":{"start":{"line":229,"column":21},"end":{"line":229,"column":22}},"loc":{"start":{"line":229,"column":41},"end":{"line":244,"column":1}},"line":229},"5":{"name":"(anonymous_5)","decl":{"start":{"line":247,"column":25},"end":{"line":247,"column":26}},"loc":{"start":{"line":247,"column":39},"end":{"line":260,"column":1}},"line":247},"6":{"name":"(anonymous_6)","decl":{"start":{"line":263,"column":25},"end":{"line":263,"column":26}},"loc":{"start":{"line":263,"column":45},"end":{"line":345,"column":1}},"line":263}},"branchMap":{"0":{"loc":{"start":{"line":10,"column":2},"end":{"line":12,"column":3}},"type":"if","locations":[{"start":{"line":10,"column":2},"end":{"line":12,"column":3}},{"start":{},"end":{}}],"line":10},"1":{"loc":{"start":{"line":10,"column":6},"end":{"line":10,"column":62}},"type":"binary-expr","locations":[{"start":{"line":10,"column":6},"end":{"line":10,"column":30}},{"start":{"line":10,"column":34},"end":{"line":10,"column":62}}],"line":10},"2":{"loc":{"start":{"line":29,"column":4},"end":{"line":35,"column":5}},"type":"if","locations":[{"start":{"line":29,"column":4},"end":{"line":35,"column":5}},{"start":{},"end":{}}],"line":29},"3":{"loc":{"start":{"line":41,"column":4},"end":{"line":46,"column":5}},"type":"if","locations":[{"start":{"line":41,"column":4},"end":{"line":46,"column":5}},{"start":{},"end":{}}],"line":41},"4":{"loc":{"start":{"line":164,"column":4},"end":{"line":170,"column":5}},"type":"if","locations":[{"start":{"line":164,"column":4},"end":{"line":170,"column":5}},{"start":{},"end":{}}],"line":164},"5":{"loc":{"start":{"line":175,"column":4},"end":{"line":180,"column":5}},"type":"if","locations":[{"start":{"line":175,"column":4},"end":{"line":180,"column":5}},{"start":{},"end":{}}],"line":175},"6":{"loc":{"start":{"line":175,"column":8},"end":{"line":175,"column":56}},"type":"binary-expr","locations":[{"start":{"line":175,"column":8},"end":{"line":175,"column":13}},{"start":{"line":175,"column":17},"end":{"line":175,"column":56}}],"line":175},"7":{"loc":{"start":{"line":199,"column":4},"end":{"line":204,"column":5}},"type":"if","locations":[{"start":{"line":199,"column":4},"end":{"line":204,"column":5}},{"start":{},"end":{}}],"line":199},"8":{"loc":{"start":{"line":267,"column":4},"end":{"line":270,"column":5}},"type":"if","locations":[{"start":{"line":267,"column":4},"end":{"line":270,"column":5}},{"start":{},"end":{}}],"line":267},"9":{"loc":{"start":{"line":274,"column":4},"end":{"line":277,"column":5}},"type":"if","locations":[{"start":{"line":274,"column":4},"end":{"line":277,"column":5}},{"start":{},"end":{}}],"line":274},"10":{"loc":{"start":{"line":274,"column":8},"end":{"line":274,"column":35}},"type":"binary-expr","locations":[{"start":{"line":274,"column":8},"end":{"line":274,"column":15}},{"start":{"line":274,"column":19},"end":{"line":274,"column":35}}],"line":274},"11":{"loc":{"start":{"line":282,"column":86},"end":{"line":282,"column":99}},"type":"binary-expr","locations":[{"start":{"line":282,"column":86},"end":{"line":282,"column":93}},{"start":{"line":282,"column":97},"end":{"line":282,"column":99}}],"line":282},"12":{"loc":{"start":{"line":287,"column":4},"end":{"line":291,"column":5}},"type":"if","locations":[{"start":{"line":287,"column":4},"end":{"line":291,"column":5}},{"start":{},"end":{}}],"line":287},"13":{"loc":{"start":{"line":287,"column":8},"end":{"line":287,"column":33}},"type":"binary-expr","locations":[{"start":{"line":287,"column":8},"end":{"line":287,"column":14}},{"start":{"line":287,"column":18},"end":{"line":287,"column":33}}],"line":287},"14":{"loc":{"start":{"line":298,"column":4},"end":{"line":301,"column":5}},"type":"if","locations":[{"start":{"line":298,"column":4},"end":{"line":301,"column":5}},{"start":{},"end":{}}],"line":298},"15":{"loc":{"start":{"line":304,"column":4},"end":{"line":308,"column":5}},"type":"if","locations":[{"start":{"line":304,"column":4},"end":{"line":308,"column":5}},{"start":{},"end":{}}],"line":304},"16":{"loc":{"start":{"line":304,"column":8},"end":{"line":304,"column":59}},"type":"binary-expr","locations":[{"start":{"line":304,"column":8},"end":{"line":304,"column":12}},{"start":{"line":304,"column":16},"end":{"line":304,"column":42}},{"start":{"line":304,"column":46},"end":{"line":304,"column":59}}],"line":304},"17":{"loc":{"start":{"line":311,"column":4},"end":{"line":330,"column":5}},"type":"if","locations":[{"start":{"line":311,"column":4},"end":{"line":330,"column":5}},{"start":{"line":328,"column":11},"end":{"line":330,"column":5}}],"line":311},"18":{"loc":{"start":{"line":314,"column":36},"end":{"line":314,"column":60}},"type":"binary-expr","locations":[{"start":{"line":314,"column":36},"end":{"line":314,"column":46}},{"start":{"line":314,"column":50},"end":{"line":314,"column":54}},{"start":{"line":314,"column":58},"end":{"line":314,"column":60}}],"line":314},"19":{"loc":{"start":{"line":315,"column":23},"end":{"line":315,"column":58}},"type":"binary-expr","locations":[{"start":{"line":315,"column":23},"end":{"line":315,"column":34}},{"start":{"line":315,"column":38},"end":{"line":315,"column":52}},{"start":{"line":315,"column":56},"end":{"line":315,"column":58}}],"line":315},"20":{"loc":{"start":{"line":318,"column":19},"end":{"line":318,"column":40}},"type":"binary-expr","locations":[{"start":{"line":318,"column":19},"end":{"line":318,"column":28}},{"start":{"line":318,"column":32},"end":{"line":318,"column":40}}],"line":318},"21":{"loc":{"start":{"line":319,"column":18},"end":{"line":319,"column":36}},"type":"binary-expr","locations":[{"start":{"line":319,"column":18},"end":{"line":319,"column":26}},{"start":{"line":319,"column":30},"end":{"line":319,"column":36}}],"line":319}},"s":{"0":1,"1":1,"2":1,"3":1,"4":1,"5":1,"6":0,"7":0,"8":0,"9":1,"10":0,"11":1,"12":0,"13":0,"14":0,"15":0,"16":0,"17":0,"18":0,"19":0,"20":0,"21":0,"22":0,"23":0,"24":0,"25":1,"26":0,"27":0,"28":0,"29":0,"30":0,"31":0,"32":0,"33":0,"34":0,"35":0,"36":0,"37":0,"38":0,"39":0,"40":0,"41":1,"42":0,"43":0,"44":0,"45":0,"46":1,"47":0,"48":0,"49":0,"50":0,"51":0,"52":0,"53":1,"54":0,"55":0,"56":0,"57":0,"58":0,"59":0,"60":0,"61":0,"62":0,"63":0,"64":0,"65":0,"66":0,"67":0,"68":0,"69":0,"70":0,"71":0,"72":0,"73":0,"74":0,"75":0,"76":0,"77":0,"78":0,"79":0,"80":0,"81":0,"82":0,"83":0,"84":0,"85":0,"86":0,"87":0,"88":0,"89":0,"90":0,"91":0,"92":0,"93":0,"94":0,"95":0,"96":0},"f":{"0":0,"1":0,"2":0,"3":0,"4":0,"5":0,"6":0},"b":{"0":[0,0],"1":[0,0],"2":[0,0],"3":[0,0],"4":[0,0],"5":[0,0],"6":[0,0],"7":[0,0],"8":[0,0],"9":[0,0],"10":[0,0],"11":[0,0],"12":[0,0],"13":[0,0],"14":[0,0],"15":[0,0],"16":[0,0,0],"17":[0,0],"18":[0,0,0],"19":[0,0,0],"20":[0,0],"21":[0,0]},"_coverageSchema":"1a1c01bbd47fc00a2c39e90264f33305004495a9","hash":"825f8b115c90184b9b74c597de6cf0518bc7bb5a"}
,"/Users/raghunandandev/Downloads/IS project 2/backend/controllers/editorProfileController.js": {"path":"/Users/raghunandandev/Downloads/IS project 2/backend/controllers/editorProfileController.js","statementMap":{"0":{"start":{"line":3,"column":13},"end":{"line":3,"column":38}},"1":{"start":{"line":6,"column":0},"end":{"line":19,"column":2}},"2":{"start":{"line":7,"column":2},"end":{"line":18,"column":3}},"3":{"start":{"line":8,"column":17},"end":{"line":8,"column":100}},"4":{"start":{"line":10,"column":4},"end":{"line":12,"column":5}},"5":{"start":{"line":11,"column":6},"end":{"line":11,"column":83}},"6":{"start":{"line":14,"column":4},"end":{"line":14,"column":44}},"7":{"start":{"line":16,"column":4},"end":{"line":16,"column":57}},"8":{"start":{"line":17,"column":4},"end":{"line":17,"column":81}},"9":{"start":{"line":22,"column":0},"end":{"line":50,"column":2}},"10":{"start":{"line":23,"column":2},"end":{"line":49,"column":3}},"11":{"start":{"line":24,"column":19},"end":{"line":24,"column":29}},"12":{"start":{"line":25,"column":19},"end":{"line":25,"column":31}},"13":{"start":{"line":28,"column":4},"end":{"line":30,"column":5}},"14":{"start":{"line":29,"column":6},"end":{"line":29,"column":79}},"15":{"start":{"line":32,"column":26},"end":{"line":32,"column":37}},"16":{"start":{"line":33,"column":20},"end":{"line":33,"column":22}},"17":{"start":{"line":35,"column":4},"end":{"line":37,"column":5}},"18":{"start":{"line":36,"column":6},"end":{"line":36,"column":41}},"19":{"start":{"line":39,"column":17},"end":{"line":39,"column":94}},"20":{"start":{"line":41,"column":4},"end":{"line":43,"column":5}},"21":{"start":{"line":42,"column":6},"end":{"line":42,"column":81}},"22":{"start":{"line":45,"column":4},"end":{"line":45,"column":44}},"23":{"start":{"line":47,"column":4},"end":{"line":47,"column":50}},"24":{"start":{"line":48,"column":4},"end":{"line":48,"column":82}}},"fnMap":{"0":{"name":"(anonymous_0)","decl":{"start":{"line":6,"column":27},"end":{"line":6,"column":28}},"loc":{"start":{"line":6,"column":47},"end":{"line":19,"column":1}},"line":6},"1":{"name":"(anonymous_1)","decl":{"start":{"line":22,"column":30},"end":{"line":22,"column":31}},"loc":{"start":{"line":22,"column":50},"end":{"line":50,"column":1}},"line":22}},"branchMap":{"0":{"loc":{"start":{"line":10,"column":4},"end":{"line":12,"column":5}},"type":"if","locations":[{"start":{"line":10,"column":4},"end":{"line":12,"column":5}},{"start":{},"end":{}}],"line":10},"1":{"loc":{"start":{"line":10,"column":8},"end":{"line":10,"column":66}},"type":"binary-expr","locations":[{"start":{"line":10,"column":8},"end":{"line":10,"column":13}},{"start":{"line":10,"column":18},"end":{"line":10,"column":36}},{"start":{"line":10,"column":40},"end":{"line":10,"column":65}}],"line":10},"2":{"loc":{"start":{"line":28,"column":4},"end":{"line":30,"column":5}},"type":"if","locations":[{"start":{"line":28,"column":4},"end":{"line":30,"column":5}},{"start":{},"end":{}}],"line":28},"3":{"loc":{"start":{"line":28,"column":8},"end":{"line":28,"column":56}},"type":"binary-expr","locations":[{"start":{"line":28,"column":8},"end":{"line":28,"column":21}},{"start":{"line":28,"column":25},"end":{"line":28,"column":56}}],"line":28},"4":{"loc":{"start":{"line":35,"column":4},"end":{"line":37,"column":5}},"type":"if","locations":[{"start":{"line":35,"column":4},"end":{"line":37,"column":5}},{"start":{},"end":{}}],"line":35},"5":{"loc":{"start":{"line":41,"column":4},"end":{"line":43,"column":5}},"type":"if","locations":[{"start":{"line":41,"column":4},"end":{"line":43,"column":5}},{"start":{},"end":{}}],"line":41}},"s":{"0":1,"1":1,"2":0,"3":0,"4":0,"5":0,"6":0,"7":0,"8":0,"9":1,"10":0,"11":0,"12":0,"13":0,"14":0,"15":0,"16":0,"17":0,"18":0,"19":0,"20":0,"21":0,"22":0,"23":0,"24":0},"f":{"0":0,"1":0},"b":{"0":[0,0],"1":[0,0,0],"2":[0,0],"3":[0,0],"4":[0,0],"5":[0,0]},"_coverageSchema":"1a1c01bbd47fc00a2c39e90264f33305004495a9","hash":"99d5f236024eb96da90305c316ef7366ff3487ab"}
,"/Users/raghunandandev/Downloads/IS project 2/backend/controllers/editorialController.js": {"path":"/Users/raghunandandev/Downloads/IS project 2/backend/controllers/editorialController.js","statementMap":{"0":{"start":{"line":3,"column":13},"end":{"line":3,"column":38}},"1":{"start":{"line":6,"column":0},"end":{"line":33,"column":2}},"2":{"start":{"line":7,"column":2},"end":{"line":32,"column":3}},"3":{"start":{"line":9,"column":18},"end":{"line":11,"column":62}},"4":{"start":{"line":14,"column":20},"end":{"line":22,"column":7}},"5":{"start":{"line":14,"column":39},"end":{"line":22,"column":5}},"6":{"start":{"line":25,"column":27},"end":{"line":25,"column":76}},"7":{"start":{"line":25,"column":47},"end":{"line":25,"column":75}},"8":{"start":{"line":26,"column":20},"end":{"line":26,"column":60}},"9":{"start":{"line":26,"column":40},"end":{"line":26,"column":59}},"10":{"start":{"line":28,"column":4},"end":{"line":28,"column":67}},"11":{"start":{"line":30,"column":4},"end":{"line":30,"column":58}},"12":{"start":{"line":31,"column":4},"end":{"line":31,"column":89}}},"fnMap":{"0":{"name":"(anonymous_0)","decl":{"start":{"line":6,"column":28},"end":{"line":6,"column":29}},"loc":{"start":{"line":6,"column":48},"end":{"line":33,"column":1}},"line":6},"1":{"name":"(anonymous_1)","decl":{"start":{"line":14,"column":30},"end":{"line":14,"column":31}},"loc":{"start":{"line":14,"column":39},"end":{"line":22,"column":5}},"line":14},"2":{"name":"(anonymous_2)","decl":{"start":{"line":25,"column":42},"end":{"line":25,"column":43}},"loc":{"start":{"line":25,"column":47},"end":{"line":25,"column":75}},"line":25},"3":{"name":"(anonymous_3)","decl":{"start":{"line":26,"column":35},"end":{"line":26,"column":36}},"loc":{"start":{"line":26,"column":40},"end":{"line":26,"column":59}},"line":26}},"branchMap":{"0":{"loc":{"start":{"line":17,"column":19},"end":{"line":17,"column":50}},"type":"binary-expr","locations":[{"start":{"line":17,"column":19},"end":{"line":17,"column":44}},{"start":{"line":17,"column":48},"end":{"line":17,"column":50}}],"line":17},"1":{"loc":{"start":{"line":19,"column":17},"end":{"line":19,"column":46}},"type":"binary-expr","locations":[{"start":{"line":19,"column":17},"end":{"line":19,"column":40}},{"start":{"line":19,"column":44},"end":{"line":19,"column":46}}],"line":19},"2":{"loc":{"start":{"line":20,"column":13},"end":{"line":20,"column":38}},"type":"binary-expr","locations":[{"start":{"line":20,"column":13},"end":{"line":20,"column":32}},{"start":{"line":20,"column":36},"end":{"line":20,"column":38}}],"line":20},"3":{"loc":{"start":{"line":21,"column":12},"end":{"line":21,"column":67}},"type":"cond-expr","locations":[{"start":{"line":21,"column":39},"end":{"line":21,"column":56}},{"start":{"line":21,"column":59},"end":{"line":21,"column":67}}],"line":21}},"s":{"0":1,"1":1,"2":0,"3":0,"4":0,"5":0,"6":0,"7":0,"8":0,"9":0,"10":0,"11":0,"12":0},"f":{"0":0,"1":0,"2":0,"3":0},"b":{"0":[0,0],"1":[0,0],"2":[0,0],"3":[0,0]},"_coverageSchema":"1a1c01bbd47fc00a2c39e90264f33305004495a9","hash":"4049060db0d0d7f90f113be9827298083020e001"}
[...]
,"/Users/raghunandandev/Downloads/IS project 2/backend/models/Review.js": {"path":"/Users/raghunandandev/Downloads/IS project 2/backend/models/Review.js","statementMap":{"0":{"start":{"line":2,"column":17},"end":{"line":2,"column":36}},"1":{"start":{"line":4,"column":21},"end":{"line":51,"column":2}},"2":{"start":{"line":53,"column":0},"end":{"line":53,"column":79}},"3":{"start":{"line":55,"column":0},"end":{"line":55,"column":56}}},"fnMap":{},"branchMap":{},"s":{"0":1,"1":1,"2":1,"3":1},"f":{},"b":{},"_coverageSchema":"1a1c01bbd47fc00a2c39e90264f33305004495a9","hash":"a3e91dfacfda2ad91cba2141ccb4b4ca59556085"}
,"/Users/raghunandandev/Downloads/IS project 2/backend/models/User.js": {"path":"/Users/raghunandandev/Downloads/IS project 2/backend/models/User.js","statementMap":{"0":{"start":{"line":2,"column":17},"end":{"line":2,"column":36}},"1":{"start":{"line":3,"column":15},"end":{"line":3,"column":34}},"2":{"start":{"line":4,"column":12},"end":{"line":4,"column":35}},"3":{"start":{"line":6,"column":19},"end":{"line":66,"column":2}},"4":{"start":{"line":68,"column":0},"end":{"line":72,"column":3}},"5":{"start":{"line":69,"column":2},"end":{"line":69,"column":68}},"6":{"start":{"line":69,"column":54},"end":{"line":69,"column":68}},"7":{"start":{"line":70,"column":2},"end":{"line":70,"column":55}},"8":{"start":{"line":71,"column":2},"end":{"line":71,"column":9}},"9":{"start":{"line":74,"column":0},"end":{"line":77,"column":2}},"10":{"start":{"line":75,"column":2},"end":{"line":75,"column":35}},"11":{"start":{"line":75,"column":22},"end":{"line":75,"column":35}},"12":{"start":{"line":76,"column":2},"end":{"line":76,"column":64}},"13":{"start":{"line":79,"column":0},"end":{"line":85,"column":2}},"14":{"start":{"line":80,"column":2},"end":{"line":84,"column":4}},"15":{"start":{"line":87,"column":0},"end":{"line":89,"column":2}},"16":{"start":{"line":88,"column":2},"end":{"line":88,"column":35}},"17":{"start":{"line":91,"column":0},"end":{"line":91,"column":52}}},"fnMap":{"0":{"name":"(anonymous_0)","decl":{"start":{"line":68,"column":23},"end":{"line":68,"column":24}},"loc":{"start":{"line":68,"column":44},"end":{"line":72,"column":1}},"line":68},"1":{"name":"(anonymous_1)","decl":{"start":{"line":74,"column":37},"end":{"line":74,"column":38}},"loc":{"start":{"line":74,"column":71},"end":{"line":77,"column":1}},"line":74},"2":{"name":"(anonymous_2)","decl":{"start":{"line":79,"column":39},"end":{"line":79,"column":40}},"loc":{"start":{"line":79,"column":50},"end":{"line":85,"column":1}},"line":79},"3":{"name":"(anonymous_3)","decl":{"start":{"line":87,"column":29},"end":{"line":87,"column":30}},"loc":{"start":{"line":87,"column":44},"end":{"line":89,"column":1}},"line":87}},"branchMap":{"0":{"loc":{"start":{"line":69,"column":2},"end":{"line":69,"column":68}},"type":"if","locations":[{"start":{"line":69,"column":2},"end":{"line":69,"column":68}},{"start":{},"end":{}}],"line":69},"1":{"loc":{"start":{"line":69,"column":6},"end":{"line":69,"column":52}},"type":"binary-expr","locations":[{"start":{"line":69,"column":6},"end":{"line":69,"column":34}},{"start":{"line":69,"column":38},"end":{"line":69,"column":52}}],"line":69},"2":{"loc":{"start":{"line":75,"column":2},"end":{"line":75,"column":35}},"type":"if","locations":[{"start":{"line":75,"column":2},"end":{"line":75,"column":35}},{"start":{},"end":{}}],"line":75},"3":{"loc":{"start":{"line":82,"column":4},"end":{"line":82,"column":41}},"type":"binary-expr","locations":[{"start":{"line":82,"column":4},"end":{"line":82,"column":26}},{"start":{"line":82,"column":30},"end":{"line":82,"column":41}}],"line":82}},"s":{"0":1,"1":1,"2":1,"3":1,"4":1,"5":1,"6":0,"7":1,"8":1,"9":1,"10":0,"11":0,"12":0,"13":1,"14":0,"15":1,"16":0,"17":1},"f":{"0":1,"1":0,"2":0,"3":0},"b":{"0":[0,1],"1":[1,1],"2":[0,0],"3":[0,0]},"_coverageSchema":"1a1c01bbd47fc00a2c39e90264f33305004495a9","hash":"6fa4255871b36777fb57e2cecabfbc932d1516bb"}
,"/Users/raghunandandev/Downloads/IS project 2/backend/routes/admin.js": {"path":"/Users/raghunandandev/Downloads/IS project 2/backend/routes/admin.js","statementMap":{"0":{"start":{"line":2,"column":16},"end":{"line":2,"column":34}},"1":{"start":{"line":3,"column":17},"end":{"line":3,"column":45}},"2":{"start":{"line":10,"column":4},"end":{"line":10,"column":45}},"3":{"start":{"line":11,"column":28},"end":{"line":11,"column":57}},"4":{"start":{"line":12,"column":21},"end":{"line":12,"column":54}},"5":{"start":{"line":14,"column":15},"end":{"line":14,"column":31}},"6":{"start":{"line":16,"column":0},"end":{"line":16,"column":45}},"7":{"start":{"line":18,"column":0},"end":{"line":18,"column":44}},"8":{"start":{"line":19,"column":0},"end":{"line":19,"column":58}},"9":{"start":{"line":20,"column":0},"end":{"line":25,"column":19}},"10":{"start":{"line":26,"column":0},"end":{"line":29,"column":61}},"11":{"start":{"line":31,"column":0},"end":{"line":31,"column":106}},"12":{"start":{"line":32,"column":0},"end":{"line":32,"column":45}},"13":{"start":{"line":33,"column":0},"end":{"line":38,"column":24}},"14":{"start":{"line":40,"column":0},"end":{"line":40,"column":24}}},"fnMap":{},"branchMap":{},"s":{"0":1,"1":1,"2":1,"3":1,"4":1,"5":1,"6":1,"7":1,"8":1,"9":1,"10":1,"11":1,"12":1,"13":1,"14":1},"f":{},"b":{},"_coverageSchema":"1a1c01bbd47fc00a2c39e90264f33305004495a9","hash":"94adc0e2c28a4aa2005a49cf4fba426cdac494e9"}
,"/Users/raghunandandev/Downloads/IS project 2/backend/routes/auth.js": {"path":"/Users/raghunandandev/Downloads/IS project 2/backend/routes/auth.js","statementMap":{"0":{"start":{"line":27,"column":16},"end":{"line":27,"column":34}},"1":{"start":{"line":28,"column":27},"end":{"line":28,"column":57}},"2":{"start":{"line":29,"column":72},"end":{"line":29,"column":112}},"3":{"start":{"line":30,"column":17},"end":{"line":30,"column":46}},"4":{"start":{"line":32,"column":15},"end":{"line":32,"column":31}},"5":{"start":{"line":34,"column":0},"end":{"line":34,"column":60}},"6":{"start":{"line":35,"column":0},"end":{"line":35,"column":51}},"7":{"start":{"line":36,"column":0},"end":{"line":36,"column":41}},"8":{"start":{"line":39,"column":0},"end":{"line":39,"column":38}},"9":{"start":{"line":40,"column":0},"end":{"line":40,"column":47}},"10":{"start":{"line":42,"column":0},"end":{"line":42,"column":24}}},"fnMap":{},"branchMap":{},"s":{"0":1,"1":1,"2":1,"3":1,"4":1,"5":1,"6":1,"7":1,"8":1,"9":1,"10":1},"f":{},"b":{},"_coverageSchema":"1a1c01bbd47fc00a2c39e90264f33305004495a9","hash":"2d1dbab1a7eae874d6810d015405658cca8b5645"}
,"/Users/raghunandandev/Downloads/IS project 2/backend/routes/editorProfile.js": {"path":"/Users/raghunandandev/Downloads/IS project 2/backend/routes/editorProfile.js","statementMap":{"0":{"start":{"line":1,"column":16},"end":{"line":1,"column":34}},"1":{"start":{"line":2,"column":15},"end":{"line":2,"column":31}},"2":{"start":{"line":3,"column":32},"end":{"line":3,"column":81}},"3":{"start":{"line":4,"column":17},"end":{"line":4,"column":46}},"4":{"start":{"line":7,"column":0},"end":{"line":7,"column":76}},"5":{"start":{"line":10,"column":0},"end":{"line":10,"column":85}},"6":{"start":{"line":12,"column":0},"end":{"line":12,"column":24}}},"fnMap":{},"branchMap":{},"s":{"0":1,"1":1,"2":1,"3":1,"4":1,"5":1,"6":1},"f":{},"b":{},"_coverageSchema":"1a1c01bbd47fc00a2c39e90264f33305004495a9","hash":"58f3cd3c044e652fd74bb900d9c295126b0c9790"}
,"/Users/raghunandandev/Downloads/IS project 2/backend/routes/editorial.js": {"path":"/Users/raghunandandev/Downloads/IS project 2/backend/routes/editorial.js","statementMap":{"0":{"start":{"line":1,"column":16},"end":{"line":1,"column":34}},"1":{"start":{"line":2,"column":15},"end":{"line":2,"column":31}},"2":{"start":{"line":3,"column":28},"end":{"line":3,"column":73}},"3":{"start":{"line":6,"column":0},"end":{"line":6,"column":70}},"4":{"start":{"line":8,"column":0},"end":{"line":8,"column":24}}},"fnMap":{},"branchMap":{},"s":{"0":1,"1":1,"2":1,"3":1,"4":1},"f":{},"b":{},"_coverageSchema":"1a1c01bbd47fc00a2c39e90264f33305004495a9","hash":"aa4e803264acf781d5cdb6b2453d63c2225aff73"}
,"/Users/raghunandandev/Downloads/IS project 2/backend/routes/manuscript.js": {"path":"/Users/raghunandandev/Downloads/IS project 2/backend/routes/manuscript.js","statementMap":{"0":{"start":{"line":2,"column":16},"end":{"line":2,"column":34}},"1":{"start":{"line":3,"column":17},"end":{"line":3,"column":45}},"2":{"start":{"line":11,"column":4},"end":{"line":11,"column":50}},"3":{"start":{"line":12,"column":28},"end":{"line":12,"column":57}},"4":{"start":{"line":13,"column":39},"end":{"line":13,"column":70}},"5":{"start":{"line":14,"column":21},"end":{"line":14,"column":54}},"6":{"start":{"line":16,"column":15},"end":{"line":16,"column":31}},"7":{"start":{"line":19,"column":0},"end":{"line":19,"column":48}},"8":{"start":{"line":20,"column":0},"end":{"line":20,"column":65}},"9":{"start":{"line":22,"column":0},"end":{"line":22,"column":97}},"10":{"start":{"line":23,"column":0},"end":{"line":23,"column":114}},"11":{"start":{"line":25,"column":0},"end":{"line":37,"column":2}},"12":{"start":{"line":39,"column":0},"end":{"line":39,"column":75}},"13":{"start":{"line":40,"column":0},"end":{"line":40,"column":40}},"14":{"start":{"line":41,"column":0},"end":{"line":41,"column":54}},"15":{"start":{"line":43,"column":0},"end":{"line":43,"column":24}}},"fnMap":{},"branchMap":{},"s":{"0":1,"1":1,"2":1,"3":1,"4":1,"5":1,"6":1,"7":1,"8":1,"9":1,"10":1,"11":1,"12":1,"13":1,"14":1,"15":1},"f":{},"b":{},"_coverageSchema":"1a1c01bbd47fc00a2c39e90264f33305004495a9","hash":"8502774eb745dc320712f1783eace83d21223e82"}
,"/Users/raghunandandev/Downloads/IS project 2/backend/routes/payment.js": {"path":"/Users/raghunandandev/Downloads/IS project 2/backend/routes/payment.js","statementMap":{"0":{"start":{"line":1,"column":16},"end":{"line":1,"column":34}},"1":{"start":{"line":2,"column":17},"end":{"line":2,"column":45}},"2":{"start":{"line":3,"column":26},"end":{"line":3,"column":69}},"3":{"start":{"line":4,"column":17},"end":{"line":4,"column":46}},"4":{"start":{"line":5,"column":21},"end":{"line":5,"column":54}},"5":{"start":{"line":7,"column":15},"end":{"line":7,"column":31}},"6":{"start":{"line":10,"column":0},"end":{"line":17,"column":18}},"7":{"start":{"line":19,"column":0},"end":{"line":19,"column":24}}},"fnMap":{},"branchMap":{},"s":{"0":1,"1":1,"2":1,"3":1,"4":1,"5":1,"6":1,"7":1},"f":{},"b":{},"_coverageSchema":"1a1c01bbd47fc00a2c39e90264f33305004495a9","hash":"59265ed0bbc4904eaf683275e27ff9c7a3586921"}
,"/Users/raghunandandev/Downloads/IS project 2/backend/routes/queries.js": {"path":"/Users/raghunandandev/Downloads/IS project 2/backend/routes/queries.js","statementMap":{"0":{"start":{"line":1,"column":16},"end":{"line":1,"column":34}},"1":{"start":{"line":2,"column":15},"end":{"line":2,"column":31}},"2":{"start":{"line":3,"column":24},"end":{"line":3,"column":65}},"3":{"start":{"line":4,"column":28},"end":{"line":4,"column":57}},"4":{"start":{"line":7,"column":0},"end":{"line":7,"column":52}},"5":{"start":{"line":10,"column":0},"end":{"line":10,"column":92}},"6":{"start":{"line":13,"column":0},"end":{"line":13,"column":64}},"7":{"start":{"line":16,"column":0},"end":{"line":16,"column":90}},"8":{"start":{"line":18,"column":0},"end":{"line":18,"column":24}}},"fnMap":{},"branchMap":{},"s":{"0":1,"1":1,"2":1,"3":1,"4":1,"5":1,"6":1,"7":1,"8":1},"f":{},"b":{},"_coverageSchema":"1a1c01bbd47fc00a2c39e90264f33305004495a9","hash":"aee03f2140e3418c131f7ced1039fad39af70167"}
,"/Users/raghunandandev/Downloads/IS project 2/backend/routes/review.js": {"path":"/Users/raghunandandev/Downloads/IS project 2/backend/routes/review.js","statementMap":{"0":{"start":{"line":1,"column":16},"end":{"line":1,"column":34}},"1":{"start":{"line":2,"column":24},"end":{"line":2,"column":52}},"2":{"start":{"line":13,"column":4},"end":{"line":13,"column":46}},"3":{"start":{"line":14,"column":28},"end":{"line":14,"column":57}},"4":{"start":{"line":15,"column":21},"end":{"line":15,"column":54}},"5":{"start":{"line":17,"column":15},"end":{"line":17,"column":31}},"6":{"start":{"line":22,"column":0},"end":{"line":64,"column":2}},"7":{"start":{"line":69,"column":0},"end":{"line":80,"column":2}},"8":{"start":{"line":85,"column":0},"end":{"line":100,"column":2}},"9":{"start":{"line":105,"column":0},"end":{"line":152,"column":2}},"10":{"start":{"line":157,"column":0},"end":{"line":165,"column":2}},"11":{"start":{"line":170,"column":0},"end":{"line":178,"column":2}},"12":{"start":{"line":183,"column":0},"end":{"line":194,"column":2}},"13":{"start":{"line":199,"column":0},"end":{"line":210,"column":2}},"14":{"start":{"line":215,"column":0},"end":{"line":226,"column":2}},"15":{"start":{"line":228,"column":0},"end":{"line":228,"column":24}}},"fnMap":{},"branchMap":{},"s":{"0":1,"1":1,"2":1,"3":1,"4":1,"5":1,"6":1,"7":1,"8":1,"9":1,"10":1,"11":1,"12":1,"13":1,"14":1,"15":1},"f":{},"b":{},"_coverageSchema":"1a1c01bbd47fc00a2c39e90264f33305004495a9","hash":"ab66611e452386644e4043cb4cf8ff2246b3e369"}
,"/Users/raghunandandev/Downloads/IS project 2/backend/services/emailService.js": {"path":"/Users/raghunandandev/Downloads/IS project 2/backend/services/emailService.js","statementMap":{"0":{"start":{"line":2,"column":19},"end":{"line":2,"column":40}},"1":{"start":{"line":3,"column":15},"end":{"line":3,"column":39}},"2":{"start":{"line":4,"column":13},"end":{"line":4,"column":38}},"3":{"start":{"line":6,"column":20},"end":{"line":14,"column":2}},"4":{"start":{"line":16,"column":0},"end":{"line":31,"column":2}},"5":{"start":{"line":17,"column":22},"end":{"line":28,"column":3}},"6":{"start":{"line":30,"column":2},"end":{"line":30,"column":42}},"7":{"start":{"line":33,"column":0},"end":{"line":47,"column":2}},"8":{"start":{"line":34,"column":22},"end":{"line":44,"column":3}},"9":{"start":{"line":46,"column":2},"end":{"line":46,"column":42}},"10":{"start":{"line":49,"column":0},"end":{"line":64,"column":2}},"11":{"start":{"line":50,"column":22},"end":{"line":61,"column":3}},"12":{"start":{"line":63,"column":2},"end":{"line":63,"column":42}},"13":{"start":{"line":66,"column":0},"end":{"line":82,"column":2}},"14":{"start":{"line":67,"column":17},"end":{"line":67,"column":46}},"15":{"start":{"line":69,"column":22},"end":{"line":79,"column":3}},"16":{"start":{"line":81,"column":2},"end":{"line":81,"column":42}},"17":{"start":{"line":84,"column":0},"end":{"line":101,"column":2}},"18":{"start":{"line":85,"column":17},"end":{"line":85,"column":46}},"19":{"start":{"line":87,"column":22},"end":{"line":98,"column":3}},"20":{"start":{"line":100,"column":2},"end":{"line":100,"column":42}},"21":{"start":{"line":103,"column":0},"end":{"line":120,"column":2}},"22":{"start":{"line":104,"column":17},"end":{"line":104,"column":46}},"23":{"start":{"line":106,"column":22},"end":{"line":117,"column":3}},"24":{"start":{"line":119,"column":2},"end":{"line":119,"column":42}},"25":{"start":{"line":123,"column":0},"end":{"line":140,"column":2}},"26":{"start":{"line":124,"column":22},"end":{"line":137,"column":3}},"27":{"start":{"line":139,"column":2},"end":{"line":139,"column":42}},"28":{"start":{"line":143,"column":0},"end":{"line":160,"column":2}},"29":{"start":{"line":144,"column":22},"end":{"line":157,"column":3}},"30":{"start":{"line":159,"column":2},"end":{"line":159,"column":42}},"31":{"start":{"line":162,"column":0},"end":{"line":176,"column":2}},"32":{"start":{"line":163,"column":22},"end":{"line":173,"column":3}},"33":{"start":{"line":175,"column":2},"end":{"line":175,"column":42}},"34":{"start":{"line":178,"column":0},"end":{"line":191,"column":2}},"35":{"start":{"line":179,"column":22},"end":{"line":188,"column":3}},"36":{"start":{"line":190,"column":2},"end":{"line":190,"column":42}},"37":{"start":{"line":193,"column":0},"end":{"line":205,"column":2}},"38":{"start":{"line":194,"column":22},"end":{"line":202,"column":3}},"39":{"start":{"line":204,"column":2},"end":{"line":204,"column":42}}},"fnMap":{"0":{"name":"(anonymous_0)","decl":{"start":{"line":16,"column":30},"end":{"line":16,"column":31}},"loc":{"start":{"line":16,"column":65},"end":{"line":31,"column":1}},"line":16},"1":{"name":"(anonymous_1)","decl":{"start":{"line":33,"column":33},"end":{"line":33,"column":34}},"loc":{"start":{"line":33,"column":82},"end":{"line":47,"column":1}},"line":33},"2":{"name":"(anonymous_2)","decl":{"start":{"line":49,"column":31},"end":{"line":49,"column":32}},"loc":{"start":{"line":49,"column":74},"end":{"line":64,"column":1}},"line":49},"3":{"name":"(anonymous_3)","decl":{"start":{"line":66,"column":41},"end":{"line":66,"column":42}},"loc":{"start":{"line":66,"column":83},"end":{"line":82,"column":1}},"line":66},"4":{"name":"(anonymous_4)","decl":{"start":{"line":84,"column":41},"end":{"line":84,"column":42}},"loc":{"start":{"line":84,"column":91},"end":{"line":101,"column":1}},"line":84},"5":{"name":"(anonymous_5)","decl":{"start":{"line":103,"column":32},"end":{"line":103,"column":33}},"loc":{"start":{"line":103,"column":72},"end":{"line":120,"column":1}},"line":103},"6":{"name":"(anonymous_6)","decl":{"start":{"line":123,"column":25},"end":{"line":123,"column":26}},"loc":{"start":{"line":123,"column":55},"end":{"line":140,"column":1}},"line":123},"7":{"name":"(anonymous_7)","decl":{"start":{"line":143,"column":25},"end":{"line":143,"column":26}},"loc":{"start":{"line":143,"column":68},"end":{"line":160,"column":1}},"line":143},"8":{"name":"(anonymous_8)","decl":{"start":{"line":162,"column":37},"end":{"line":162,"column":38}},"loc":{"start":{"line":162,"column":81},"end":{"line":176,"column":1}},"line":162},"9":{"name":"(anonymous_9)","decl":{"start":{"line":178,"column":39},"end":{"line":178,"column":40}},"loc":{"start":{"line":178,"column":83},"end":{"line":191,"column":1}},"line":178},"10":{"name":"(anonymous_10)","decl":{"start":{"line":193,"column":36},"end":{"line":193,"column":37}},"loc":{"start":{"line":193,"column":80},"end":{"line":205,"column":1}},"line":193}},"branchMap":{"0":{"loc":{"start":{"line":95,"column":36},"end":{"line":95,"column":66}},"type":"binary-expr","locations":[{"start":{"line":95,"column":36},"end":{"line":95,"column":42}},{"start":{"line":95,"column":46},"end":{"line":95,"column":66}}],"line":95},"1":{"loc":{"start":{"line":134,"column":25},"end":{"line":134,"column":68}},"type":"binary-expr","locations":[{"start":{"line":134,"column":25},"end":{"line":134,"column":40}},{"start":{"line":134,"column":44},"end":{"line":134,"column":68}}],"line":134}},"s":{"0":1,"1":1,"2":1,"3":1,"4":1,"5":0,"6":0,"7":1,"8":0,"9":0,"10":1,"11":0,"12":0,"13":1,"14":0,"15":0,"16":0,"17":1,"18":0,"19":0,"20":0,"21":1,"22":0,"23":0,"24":0,"25":1,"26":0,"27":0,"28":1,"29":0,"30":0,"31":1,"32":0,"33":0,"34":1,"35":0,"36":0,"37":1,"38":0,"39":0},"f":{"0":0,"1":0,"2":0,"3":0,"4":0,"5":0,"6":0,"7":0,"8":0,"9":0,"10":0},"b":{"0":[0,0],"1":[0,0]},"_coverageSchema":"1a1c01bbd47fc00a2c39e90264f33305004495a9","hash":"d106ec9931234e88b85cf8eb884bbe6ea2ac33f2"}
,"/Users/raghunandandev/Downloads/IS project 2/backend/utils/validators.js": {"path":"/Users/raghunandandev/Downloads/IS project 2/backend/utils/validators.js","statementMap":{"0":{"start":{"line":2,"column":17},"end":{"line":2,"column":45}},"1":{"start":{"line":3,"column":20},"end":{"line":3,"column":40}},"2":{"start":{"line":6,"column":23},"end":{"line":11,"column":21}},"3":{"start":{"line":7,"column":2},"end":{"line":11,"column":21}},"4":{"start":{"line":14,"column":23},"end":{"line":25,"column":1}},"5":{"start":{"line":27,"column":0},"end":{"line":27,"column":36}}},"fnMap":{"0":{"name":"(anonymous_0)","decl":{"start":{"line":6,"column":23},"end":{"line":6,"column":24}},"loc":{"start":{"line":7,"column":2},"end":{"line":11,"column":21}},"line":7}},"branchMap":{},"s":{"0":1,"1":1,"2":1,"3":2,"4":1,"5":1},"f":{"0":2},"b":{},"_coverageSchema":"1a1c01bbd47fc00a2c39e90264f33305004495a9","hash":"733434c959d77e4bbac8d1a2fdd4f560183238c4"}
}
