TN:
SF:app.js
FN:53,(anonymous_0)
FN:54,(anonymous_1)
FN:68,(anonymous_2)
FN:77,(anonymous_3)
FN:84,(anonymous_4)
FN:103,(anonymous_5)
FNF:6
FNH:1
FNDA:1,(anonymous_0)
FNDA:0,(anonymous_1)
FNDA:0,(anonymous_2)
FNDA:0,(anonymous_3)
FNDA:0,(anonymous_4)
FNDA:0,(anonymous_5)
DA:2,1
DA:3,1
DA:4,1
DA:5,1
DA:6,1
DA:7,1
DA:8,1
DA:11,1
DA:12,1
DA:13,1
DA:14,1
DA:15,1
DA:16,1
DA:17,1
DA:18,1
DA:20,1
DA:23,1
DA:24,1
DA:27,1
DA:31,1
DA:34,1
DA:42,1
DA:45,1
DA:46,1
DA:49,1
DA:53,1
DA:54,0
DA:57,1
DA:58,1
DA:59,1
DA:60,1
DA:61,1
DA:62,1
DA:64,1
DA:66,1
DA:68,1
DA:69,0
DA:77,1
DA:78,0
DA:80,0
DA:81,0
DA:84,0
DA:88,0
DA:89,0
DA:95,0
DA:103,1
DA:104,0
DA:110,1
LF:48
LH:38
BRDA:35,0,0,0
BRDA:35,0,1,1
BRDA:36,1,0,0
BRDA:36,1,1,0
BRDA:80,2,0,0
BRDA:80,2,1,0
BRDA:88,3,0,0
BRDA:88,3,1,0
BRDA:98,4,0,0
BRDA:98,4,1,0
BRF:10
BRH:1
end_of_record
TN:
SF:config/cloudinary.js
FN:15,(anonymous_0)
FN:16,(anonymous_1)
FNF:2
FNH:0
FNDA:0,(anonymous_0)
FNDA:0,(anonymous_1)
DA:2,1
DA:3,1
DA:6,1
DA:13,1
DA:14,0
DA:15,0
DA:18,0
DA:22,1
DA:23,1
DA:25,0
DA:29,1
LF:11
LH:7
BRDA:13,0,0,0
BRDA:13,0,1,1
BRDA:13,1,0,1
BRDA:13,1,1,1
BRDA:13,1,2,1
BRDA:13,1,3,1
BRDA:18,2,0,0
BRDA:18,2,1,0
BRDA:18,3,0,0
BRDA:18,3,1,0
BRDA:22,4,0,1
BRDA:22,4,1,0
BRF:12
BRH:6
end_of_record
TN:
SF:config/env.js
FN:48,(anonymous_0)
FNF:1
FNH:1
FNDA:2,(anonymous_0)
DA:2,1
DA:4,1
DA:40,1
DA:43,1
DA:44,1
DA:45,0
DA:48,2
DA:49,1
DA:50,0
DA:51,0
DA:52,0
DA:56,1
LF:12
LH:8
BRDA:6,0,0,1
BRDA:6,0,1,0
BRDA:7,1,0,1
BRDA:7,1,1,0
BRDA:10,2,0,1
BRDA:10,2,1,0
BRDA:13,3,0,1
BRDA:13,3,1,0
BRDA:14,4,0,1
BRDA:14,4,1,0
BRDA:25,5,0,1
BRDA:25,5,1,0
BRDA:40,6,0,1
BRDA:40,6,1,0
BRDA:44,7,0,0
BRDA:44,7,1,1
BRDA:49,8,0,0
BRDA:49,8,1,1
BRDA:51,9,0,0
BRDA:51,9,1,0
BRF:20
BRH:9
end_of_record
TN:
SF:controllers/ReviewController.js
FN:9,(anonymous_0)
FN:56,(anonymous_1)
FN:137,(anonymous_2)
FN:193,(anonymous_3)
FN:242,(anonymous_4)
FN:264,(anonymous_5)
FN:294,(anonymous_6)
FN:346,(anonymous_7)
FN:368,(anonymous_8)
FN:369,(anonymous_9)
FN:370,(anonymous_10)
FN:387,(anonymous_11)
FN:388,(anonymous_12)
FN:397,(anonymous_13)
FN:403,(anonymous_14)
FN:440,(anonymous_15)
FN:493,(anonymous_16)
FN:554,(anonymous_17)
FN:571,(anonymous_18)
FN:585,(anonymous_19)
FN:595,(anonymous_20)
FN:597,(anonymous_21)
FN:601,(anonymous_22)
FN:603,(anonymous_23)
FN:612,(anonymous_24)
FN:620,(anonymous_25)
FN:632,(anonymous_26)
FN:633,(anonymous_27)
FN:637,(anonymous_28)
FN:641,(anonymous_29)
FN:646,(anonymous_30)
FNF:31
FNH:0
FNDA:0,(anonymous_0)
FNDA:0,(anonymous_1)
FNDA:0,(anonymous_2)
FNDA:0,(anonymous_3)
FNDA:0,(anonymous_4)
FNDA:0,(anonymous_5)
FNDA:0,(anonymous_6)
FNDA:0,(anonymous_7)
FNDA:0,(anonymous_8)
FNDA:0,(anonymous_9)
FNDA:0,(anonymous_10)
FNDA:0,(anonymous_11)
FNDA:0,(anonymous_12)
FNDA:0,(anonymous_13)
FNDA:0,(anonymous_14)
FNDA:0,(anonymous_15)
FNDA:0,(anonymous_16)
FNDA:0,(anonymous_17)
FNDA:0,(anonymous_18)
FNDA:0,(anonymous_19)
FNDA:0,(anonymous_20)
FNDA:0,(anonymous_21)
FNDA:0,(anonymous_22)
FNDA:0,(anonymous_23)
FNDA:0,(anonymous_24)
FNDA:0,(anonymous_25)
FNDA:0,(anonymous_26)
FNDA:0,(anonymous_27)
FNDA:0,(anonymous_28)
FNDA:0,(anonymous_29)
FNDA:0,(anonymous_30)
DA:2,1
DA:3,1
DA:4,1
DA:5,1
DA:6,1
DA:7,1
DA:9,1
DA:10,0
DA:11,0
DA:18,0
DA:21,0
DA:27,0
DA:28,0
DA:35,0
DA:36,0
DA:37,0
DA:41,0
DA:47,0
DA:48,0
DA:55,0
DA:56,0
DA:59,0
DA:61,0
DA:77,0
DA:90,0
DA:94,0
DA:95,0
DA:96,0
DA:99,0
DA:102,0
DA:109,0
DA:110,0
DA:117,0
DA:123,0
DA:124,0
DA:137,1
DA:138,0
DA:139,0
DA:141,0
DA:147,0
DA:148,0
DA:154,0
DA:155,0
DA:158,0
DA:159,0
DA:160,0
DA:161,0
DA:162,0
DA:167,0
DA:173,0
DA:179,0
DA:180,0
DA:193,1
DA:194,0
DA:195,0
DA:196,0
DA:198,0
DA:204,0
DA:205,0
DA:211,0
DA:212,0
DA:215,0
DA:222,0
DA:228,0
DA:229,0
DA:242,1
DA:243,0
DA:244,0
DA:245,0
DA:248,0
DA:254,0
DA:255,0
DA:262,0
DA:263,0
DA:264,0
DA:268,0
DA:274,0
DA:280,0
DA:281,0
DA:294,1
DA:295,0
DA:296,0
DA:298,0
DA:299,0
DA:300,0
DA:303,0
DA:318,0
DA:320,0
DA:332,0
DA:333,0
DA:346,1
DA:347,0
DA:348,0
DA:351,0
DA:360,0
DA:368,0
DA:369,0
DA:370,0
DA:373,0
DA:379,0
DA:384,0
DA:385,0
DA:386,0
DA:387,0
DA:389,0
DA:390,0
DA:392,0
DA:396,0
DA:397,0
DA:398,0
DA:399,0
DA:402,0
DA:403,0
DA:406,0
DA:408,0
DA:421,0
DA:426,0
DA:427,0
DA:440,1
DA:441,0
DA:442,0
DA:444,0
DA:451,0
DA:452,0
DA:459,0
DA:460,0
DA:462,0
DA:463,0
DA:470,0
DA:471,0
DA:474,0
DA:479,0
DA:480,0
DA:493,1
DA:494,0
DA:495,0
DA:496,0
DA:499,0
DA:505,0
DA:506,0
DA:513,0
DA:517,0
DA:518,0
DA:525,0
DA:531,0
DA:540,0
DA:541,0
DA:554,1
DA:555,0
DA:556,0
DA:558,0
DA:563,0
DA:565,0
DA:571,0
DA:575,0
DA:576,0
DA:585,1
DA:586,0
DA:592,0
DA:594,0
DA:595,0
DA:597,0
DA:598,0
DA:600,0
DA:601,0
DA:602,0
DA:603,0
DA:604,0
DA:607,0
DA:612,1
DA:613,0
DA:618,0
DA:620,0
DA:621,0
DA:622,0
DA:623,0
DA:625,0
DA:628,0
DA:632,1
DA:633,0
DA:635,0
DA:637,0
DA:640,0
DA:641,0
DA:642,0
DA:645,0
DA:646,0
DA:648,0
DA:651,1
LF:189
LH:19
BRDA:27,0,0,0
BRDA:27,0,1,0
BRDA:35,1,0,0
BRDA:35,1,1,0
BRDA:47,2,0,0
BRDA:47,2,1,0
BRDA:47,3,0,0
BRDA:47,3,1,0
BRDA:59,4,0,0
BRDA:59,4,1,0
BRDA:109,5,0,0
BRDA:109,5,1,0
BRDA:147,6,0,0
BRDA:147,6,1,0
BRDA:158,7,0,0
BRDA:158,7,1,0
BRDA:160,8,0,0
BRDA:160,8,1,0
BRDA:204,9,0,0
BRDA:204,9,1,0
BRDA:254,10,0,0
BRDA:254,10,1,0
BRDA:262,11,0,0
BRDA:262,11,1,0
BRDA:296,12,0,0
BRDA:296,13,0,0
BRDA:299,14,0,0
BRDA:299,14,1,0
BRDA:385,15,0,0
BRDA:385,15,1,0
BRDA:387,16,0,0
BRDA:387,16,1,0
BRDA:392,17,0,0
BRDA:392,17,1,0
BRDA:398,18,0,0
BRDA:398,18,1,0
BRDA:398,19,0,0
BRDA:398,19,1,0
BRDA:399,20,0,0
BRDA:399,20,1,0
BRDA:402,21,0,0
BRDA:402,21,1,0
BRDA:403,22,0,0
BRDA:403,22,1,0
BRDA:412,23,0,0
BRDA:412,23,1,0
BRDA:451,24,0,0
BRDA:451,24,1,0
BRDA:460,25,0,0
BRDA:460,25,1,0
BRDA:462,26,0,0
BRDA:462,26,1,0
BRDA:462,27,0,0
BRDA:462,27,1,0
BRDA:470,28,0,0
BRDA:470,28,1,0
BRDA:505,29,0,0
BRDA:505,29,1,0
BRDA:517,30,0,0
BRDA:517,30,1,0
BRDA:594,31,0,0
BRDA:594,31,1,0
BRDA:597,32,0,0
BRDA:597,32,1,0
BRDA:601,33,0,0
BRDA:601,33,1,0
BRDA:603,34,0,0
BRDA:603,34,1,0
BRDA:618,35,0,0
BRDA:618,35,1,0
BRDA:621,36,0,0
BRDA:621,36,1,0
BRDA:621,37,0,0
BRDA:621,37,1,0
BRDA:635,38,0,0
BRDA:635,38,1,0
BRDA:642,39,0,0
BRDA:642,39,1,0
BRDA:648,40,0,0
BRDA:648,40,1,0
BRF:80
BRH:0
end_of_record
TN:
SF:controllers/adminController.js
FN:8,(anonymous_0)
FN:44,(anonymous_1)
FN:50,(anonymous_2)
FN:66,(anonymous_3)
FN:77,(anonymous_4)
FN:98,(anonymous_5)
FN:175,(anonymous_6)
FN:205,(anonymous_7)
FN:248,(anonymous_8)
FN:313,(anonymous_9)
FN:367,(anonymous_10)
FN:375,(anonymous_11)
FN:376,(anonymous_12)
FN:392,(anonymous_13)
FNF:14
FNH:0
FNDA:0,(anonymous_0)
FNDA:0,(anonymous_1)
FNDA:0,(anonymous_2)
FNDA:0,(anonymous_3)
FNDA:0,(anonymous_4)
FNDA:0,(anonymous_5)
FNDA:0,(anonymous_6)
FNDA:0,(anonymous_7)
FNDA:0,(anonymous_8)
FNDA:0,(anonymous_9)
FNDA:0,(anonymous_10)
FNDA:0,(anonymous_11)
FNDA:0,(anonymous_12)
FNDA:0,(anonymous_13)
DA:2,1
DA:3,1
DA:4,1
DA:5,1
DA:6,1
DA:8,1
DA:9,0
DA:20,0
DA:32,0
DA:44,0
DA:50,0
DA:58,0
DA:66,1
DA:67,0
DA:68,0
DA:74,0
DA:77,0
DA:90,0
DA:98,1
DA:99,0
DA:100,0
DA:101,0
DA:102,0
DA:109,0
DA:111,0
DA:112,0
DA:113,0
DA:115,0
DA:116,0
DA:122,0
DA:123,0
DA:130,0
DA:136,0
DA:137,0
DA:143,0
DA:151,0
DA:154,0
DA:155,0
DA:156,0
DA:159,0
DA:161,0
DA:167,0
DA:175,1
DA:176,0
DA:177,0
DA:179,0
DA:180,0
DA:181,0
DA:188,0
DA:189,0
DA:191,0
DA:197,0
DA:205,1
DA:206,0
DA:207,0
DA:208,0
DA:209,0
DA:216,0
DA:217,0
DA:219,0
DA:220,0
DA:226,0
DA:227,0
DA:229,0
DA:235,0
DA:248,1
DA:249,0
DA:250,0
DA:251,0
DA:253,0
DA:255,0
DA:256,0
DA:258,0
DA:260,0
DA:261,0
DA:262,0
DA:263,0
DA:264,0
DA:266,0
DA:267,0
DA:268,0
DA:269,0
DA:271,0
DA:279,0
DA:280,0
DA:281,0
DA:282,0
DA:285,0
DA:286,0
DA:287,0
DA:290,0
DA:292,0
DA:293,0
DA:294,0
DA:296,0
DA:299,0
DA:301,0
DA:303,0
DA:304,0
DA:313,1
DA:314,0
DA:315,0
DA:316,0
DA:318,0
DA:319,0
DA:323,0
DA:324,0
DA:326,0
DA:331,0
DA:335,0
DA:343,0
DA:344,0
DA:345,0
DA:346,0
DA:349,0
DA:350,0
DA:352,0
DA:355,0
DA:357,0
DA:358,0
DA:367,1
DA:368,0
DA:370,0
DA:374,0
DA:375,0
DA:376,0
DA:377,0
DA:392,0
DA:394,0
DA:396,0
DA:397,0
LF:131
LH:13
BRDA:53,0,0,0
BRDA:53,0,1,0
BRDA:80,1,0,0
BRDA:80,1,1,0
BRDA:101,2,0,0
BRDA:101,2,1,0
BRDA:115,3,0,0
BRDA:115,3,1,0
BRDA:122,4,0,0
BRDA:122,4,1,0
BRDA:122,5,0,0
BRDA:122,5,1,0
BRDA:136,6,0,0
BRDA:136,6,1,0
BRDA:148,7,0,0
BRDA:148,7,1,0
BRDA:180,8,0,0
BRDA:180,8,1,0
BRDA:208,9,0,0
BRDA:208,9,1,0
BRDA:219,10,0,0
BRDA:219,10,1,0
BRDA:253,11,0,0
BRDA:253,11,1,0
BRDA:255,12,0,0
BRDA:255,12,1,0
BRDA:261,13,0,0
BRDA:261,13,1,0
BRDA:263,14,0,0
BRDA:263,14,1,0
BRDA:266,15,0,0
BRDA:266,15,1,0
BRDA:279,16,0,0
BRDA:279,16,1,0
BRDA:286,17,0,0
BRDA:286,17,1,0
BRDA:292,18,0,0
BRDA:292,18,1,0
BRDA:316,19,0,0
BRDA:316,19,1,0
BRDA:318,20,0,0
BRDA:318,20,1,0
BRDA:318,21,0,0
BRDA:318,21,1,0
BRDA:323,22,0,0
BRDA:323,22,1,0
BRDA:323,23,0,0
BRDA:323,23,1,0
BRDA:323,23,2,0
BRDA:343,24,0,0
BRDA:343,24,1,0
BRDA:376,25,0,0
BRDA:376,25,1,0
BRDA:380,26,0,0
BRDA:380,26,1,0
BRDA:381,27,0,0
BRDA:381,27,1,0
BRDA:386,28,0,0
BRDA:386,28,1,0
BRF:59
BRH:0
end_of_record
TN:
SF:controllers/authController.js
FN:9,(anonymous_0)
FN:20,(anonymous_1)
FN:26,(anonymous_2)
FN:161,(anonymous_3)
FN:229,(anonymous_4)
FN:247,(anonymous_5)
FN:263,(anonymous_6)
FNF:7
FNH:1
FNDA:0,(anonymous_0)
FNDA:0,(anonymous_1)
FNDA:0,(anonymous_2)
FNDA:1,(anonymous_3)
FNDA:0,(anonymous_4)
FNDA:0,(anonymous_5)
FNDA:0,(anonymous_6)
DA:2,1
DA:3,1
DA:4,1
DA:5,1
DA:6,1
DA:9,1
DA:10,0
DA:11,0
DA:13,0
DA:20,1
DA:21,0
DA:26,1
DA:27,0
DA:28,0
DA:29,0
DA:30,0
DA:37,0
DA:40,0
DA:41,0
DA:42,0
DA:49,0
DA:60,0
DA:79,0
DA:80,0
DA:95,0
DA:161,1
DA:162,1
DA:163,1
DA:164,1
DA:165,0
DA:172,1
DA:173,1
DA:175,1
DA:176,0
DA:198,1
DA:199,1
DA:200,0
DA:206,1
DA:207,1
DA:221,0
DA:222,0
DA:229,1
DA:230,0
DA:231,0
DA:233,0
DA:238,0
DA:247,1
DA:248,0
DA:249,0
DA:250,0
DA:255,0
DA:257,0
DA:258,0
DA:263,1
DA:264,0
DA:265,0
DA:266,0
DA:267,0
DA:268,0
DA:269,0
DA:273,0
DA:274,0
DA:275,0
DA:276,0
DA:280,0
DA:281,0
DA:282,0
DA:284,0
DA:287,0
DA:288,0
DA:289,0
DA:290,0
DA:294,0
DA:295,0
DA:298,0
DA:299,0
DA:300,0
DA:304,0
DA:305,0
DA:306,0
DA:307,0
DA:311,0
DA:312,0
DA:314,0
DA:315,0
DA:317,0
DA:326,0
DA:327,0
DA:329,0
DA:333,0
DA:334,0
DA:337,0
DA:338,0
DA:339,0
DA:341,0
DA:342,0
DA:343,0
LF:97
LH:22
BRDA:10,0,0,0
BRDA:10,0,1,0
BRDA:10,1,0,0
BRDA:10,1,1,0
BRDA:29,2,0,0
BRDA:29,2,1,0
BRDA:41,3,0,0
BRDA:41,3,1,0
BRDA:164,4,0,0
BRDA:164,4,1,1
BRDA:175,5,0,0
BRDA:175,5,1,1
BRDA:175,6,0,1
BRDA:175,6,1,1
BRDA:199,7,0,0
BRDA:199,7,1,1
BRDA:267,8,0,0
BRDA:267,8,1,0
BRDA:274,9,0,0
BRDA:274,9,1,0
BRDA:274,10,0,0
BRDA:274,10,1,0
BRDA:282,11,0,0
BRDA:282,11,1,0
BRDA:287,12,0,0
BRDA:287,12,1,0
BRDA:287,13,0,0
BRDA:287,13,1,0
BRDA:298,14,0,0
BRDA:298,14,1,0
BRDA:304,15,0,0
BRDA:304,15,1,0
BRDA:304,16,0,0
BRDA:304,16,1,0
BRDA:304,16,2,0
BRDA:311,17,0,0
BRDA:311,17,1,0
BRDA:314,18,0,0
BRDA:314,18,1,0
BRDA:314,18,2,0
BRDA:315,19,0,0
BRDA:315,19,1,0
BRDA:315,19,2,0
BRDA:318,20,0,0
BRDA:318,20,1,0
BRDA:319,21,0,0
BRDA:319,21,1,0
BRF:47
BRH:5
end_of_record
TN:
SF:controllers/editorProfileController.js
FN:6,(anonymous_0)
FN:22,(anonymous_1)
FNF:2
FNH:0
FNDA:0,(anonymous_0)
FNDA:0,(anonymous_1)
DA:3,1
DA:6,1
DA:7,0
DA:8,0
DA:10,0
DA:11,0
DA:14,0
DA:16,0
DA:17,0
DA:22,1
DA:23,0
DA:24,0
DA:25,0
DA:28,0
DA:29,0
DA:32,0
DA:33,0
DA:35,0
DA:36,0
DA:39,0
DA:41,0
DA:42,0
DA:45,0
DA:47,0
DA:48,0
LF:25
LH:3
BRDA:10,0,0,0
BRDA:10,0,1,0
BRDA:10,1,0,0
BRDA:10,1,1,0
BRDA:10,1,2,0
BRDA:28,2,0,0
BRDA:28,2,1,0
BRDA:28,3,0,0
BRDA:28,3,1,0
BRDA:35,4,0,0
BRDA:35,4,1,0
BRDA:41,5,0,0
BRDA:41,5,1,0
BRF:13
BRH:0
end_of_record
TN:
SF:controllers/editorialController.js
FN:6,(anonymous_0)
FN:14,(anonymous_1)
FN:25,(anonymous_2)
FN:26,(anonymous_3)
FNF:4
FNH:0
FNDA:0,(anonymous_0)
FNDA:0,(anonymous_1)
FNDA:0,(anonymous_2)
FNDA:0,(anonymous_3)
DA:3,1
DA:6,1
DA:7,0
DA:9,0
DA:14,0
DA:25,0
DA:26,0
DA:28,0
DA:30,0
DA:31,0
LF:10
LH:2
BRDA:17,0,0,0
BRDA:17,0,1,0
BRDA:19,1,0,0
BRDA:19,1,1,0
BRDA:20,2,0,0
BRDA:20,2,1,0
BRDA:21,3,0,0
BRDA:21,3,1,0
BRF:8
BRH:0
end_of_record
TN:
SF:controllers/manuscriptController.js
FN:12,(anonymous_0)
FN:69,(anonymous_1)
FN:131,(anonymous_2)
FN:219,(anonymous_3)
FN:267,(anonymous_4)
FN:288,(anonymous_5)
FN:303,(anonymous_6)
FN:329,(anonymous_7)
FN:370,(anonymous_8)
FN:402,(anonymous_9)
FNF:10
FNH:0
FNDA:0,(anonymous_0)
FNDA:0,(anonymous_1)
FNDA:0,(anonymous_2)
FNDA:0,(anonymous_3)
FNDA:0,(anonymous_4)
FNDA:0,(anonymous_5)
FNDA:0,(anonymous_6)
FNDA:0,(anonymous_7)
FNDA:0,(anonymous_8)
FNDA:0,(anonymous_9)
DA:3,1
DA:4,1
DA:5,1
DA:6,1
DA:7,1
DA:8,1
DA:9,1
DA:12,1
DA:13,0
DA:14,0
DA:16,0
DA:17,0
DA:24,0
DA:26,0
DA:33,0
DA:37,0
DA:39,0
DA:40,0
DA:41,0
DA:42,0
DA:48,0
DA:56,0
DA:57,0
DA:60,0
DA:61,0
DA:69,1
DA:70,0
DA:71,0
DA:74,0
DA:75,0
DA:82,0
DA:83,0
DA:90,0
DA:91,0
DA:97,0
DA:101,0
DA:103,0
DA:104,0
DA:105,0
DA:106,0
DA:111,0
DA:119,0
DA:120,0
DA:123,0
DA:124,0
DA:131,1
DA:132,0
DA:133,0
DA:134,0
DA:135,0
DA:142,0
DA:143,0
DA:149,0
DA:154,0
DA:156,0
DA:157,0
DA:158,0
DA:159,0
DA:166,0
DA:168,0
DA:175,0
DA:177,0
DA:185,0
DA:186,0
DA:187,0
DA:188,0
DA:195,0
DA:196,0
DA:202,0
DA:210,0
DA:212,0
DA:213,0
DA:214,0
DA:216,0
DA:219,0
DA:236,0
DA:238,0
DA:241,0
DA:242,0
DA:243,0
DA:244,0
DA:247,0
DA:251,0
DA:257,0
DA:259,0
DA:267,1
DA:268,0
DA:269,0
DA:275,0
DA:280,0
DA:288,1
DA:289,0
DA:290,0
DA:295,0
DA:296,0
DA:303,0
DA:304,0
DA:306,0
DA:308,0
DA:309,0
DA:315,0
DA:320,0
DA:329,1
DA:330,0
DA:331,0
DA:334,0
DA:342,0
DA:343,0
DA:346,0
DA:352,0
DA:360,0
DA:361,0
DA:370,1
DA:371,0
DA:372,0
DA:374,0
DA:381,0
DA:382,0
DA:385,0
DA:391,0
DA:396,0
DA:397,0
DA:402,1
DA:403,0
DA:404,0
DA:406,0
DA:407,0
DA:411,0
DA:412,0
DA:415,0
DA:416,0
DA:422,0
DA:423,0
DA:424,0
DA:425,0
DA:426,0
DA:427,0
DA:429,0
DA:433,0
DA:434,0
DA:436,0
DA:437,0
LF:142
LH:15
BRDA:16,0,0,0
BRDA:16,0,1,0
BRDA:16,1,0,0
BRDA:16,1,1,0
BRDA:24,2,0,0
BRDA:24,2,1,0
BRDA:24,3,0,0
BRDA:24,3,1,0
BRDA:37,4,0,0
BRDA:37,4,1,0
BRDA:37,5,0,0
BRDA:37,5,1,0
BRDA:74,6,0,0
BRDA:74,6,1,0
BRDA:74,7,0,0
BRDA:74,7,1,0
BRDA:82,8,0,0
BRDA:82,8,1,0
BRDA:82,9,0,0
BRDA:82,9,1,0
BRDA:90,10,0,0
BRDA:90,10,1,0
BRDA:90,11,0,0
BRDA:90,11,1,0
BRDA:101,12,0,0
BRDA:101,12,1,0
BRDA:101,13,0,0
BRDA:101,13,1,0
BRDA:134,14,0,0
BRDA:134,14,1,0
BRDA:142,15,0,0
BRDA:142,15,1,0
BRDA:154,16,0,0
BRDA:154,16,1,0
BRDA:175,17,0,0
BRDA:175,17,1,0
BRDA:178,18,0,0
BRDA:178,18,1,0
BRDA:179,19,0,0
BRDA:179,19,1,0
BRDA:185,20,0,0
BRDA:185,20,1,0
BRDA:213,21,0,0
BRDA:213,21,1,0
BRDA:219,22,0,0
BRDA:219,22,1,0
BRDA:243,23,0,0
BRDA:243,23,1,0
BRDA:262,24,0,0
BRDA:262,24,1,0
BRDA:295,25,0,0
BRDA:295,25,1,0
BRDA:306,26,0,0
BRDA:306,26,1,0
BRDA:308,27,0,0
BRDA:308,27,1,0
BRDA:308,28,0,0
BRDA:308,28,1,0
BRDA:342,29,0,0
BRDA:342,29,1,0
BRDA:342,30,0,0
BRDA:342,30,1,0
BRDA:381,31,0,0
BRDA:381,31,1,0
BRDA:381,32,0,0
BRDA:381,32,1,0
BRDA:406,33,0,0
BRDA:406,33,1,0
BRDA:406,34,0,0
BRDA:406,34,1,0
BRDA:411,35,0,0
BRDA:411,35,1,0
BRDA:411,36,0,0
BRDA:411,36,1,0
BRDA:415,37,0,0
BRDA:415,37,1,0
BRDA:415,38,0,0
BRDA:415,38,1,0
BRDA:423,39,0,0
BRDA:423,39,1,0
BRDA:423,40,0,0
BRDA:423,40,1,0
BRF:82
BRH:0
end_of_record
TN:
SF:controllers/paymentController.js
FN:8,(anonymous_0)
FN:83,(anonymous_1)
FN:89,(anonymous_2)
FN:165,(anonymous_3)
FNF:4
FNH:0
FNDA:0,(anonymous_0)
FNDA:0,(anonymous_1)
FNDA:0,(anonymous_2)
FNDA:0,(anonymous_3)
DA:1,1
DA:2,1
DA:3,1
DA:4,1
DA:5,1
DA:8,1
DA:9,0
DA:10,0
DA:12,0
DA:13,0
DA:18,0
DA:19,0
DA:20,0
DA:22,0
DA:23,0
DA:24,0
DA:25,0
DA:27,0
DA:28,0
DA:29,0
DA:31,0
DA:32,0
DA:33,0
DA:34,0
DA:35,0
DA:40,0
DA:41,0
DA:43,0
DA:44,0
DA:47,0
DA:50,0
DA:51,0
DA:52,0
DA:55,0
DA:58,0
DA:59,0
DA:65,0
DA:66,0
DA:67,0
DA:68,0
DA:69,0
DA:70,0
DA:76,0
DA:79,0
DA:80,0
DA:83,0
DA:87,0
DA:89,0
DA:90,0
DA:91,0
DA:93,0
DA:97,0
DA:98,0
DA:99,0
DA:102,0
DA:103,0
DA:104,0
DA:107,0
DA:108,0
DA:109,0
DA:110,0
DA:111,0
DA:114,0
DA:117,0
DA:119,0
DA:120,0
DA:122,0
DA:123,0
DA:124,0
DA:128,0
DA:129,0
DA:130,0
DA:131,0
DA:133,0
DA:136,0
DA:137,0
DA:138,0
DA:139,0
DA:140,0
DA:141,0
DA:143,0
DA:147,0
DA:150,0
DA:151,0
DA:153,0
DA:157,0
DA:159,0
DA:160,0
DA:165,1
DA:166,0
DA:167,0
DA:168,0
DA:170,0
DA:171,0
DA:172,0
DA:175,0
DA:176,0
DA:177,0
DA:178,0
DA:182,0
DA:183,0
DA:184,0
DA:185,0
DA:188,0
DA:193,0
DA:195,0
DA:196,0
DA:197,0
DA:198,0
DA:199,0
DA:202,0
DA:203,0
DA:205,0
DA:206,0
DA:207,0
DA:212,0
DA:213,0
DA:223,0
DA:224,0
DA:227,0
DA:228,0
DA:229,0
DA:230,0
DA:238,0
DA:239,0
DA:241,0
DA:242,0
DA:245,0
DA:246,0
DA:247,0
DA:250,0
DA:253,0
DA:261,0
DA:262,0
DA:263,0
DA:264,0
DA:266,0
DA:268,0
DA:269,0
LF:139
LH:7
BRDA:12,0,0,0
BRDA:12,0,1,0
BRDA:12,1,0,0
BRDA:12,1,1,0
BRDA:12,1,2,0
BRDA:12,1,3,0
BRDA:22,2,0,0
BRDA:22,2,1,0
BRDA:22,3,0,0
BRDA:22,3,1,0
BRDA:22,3,2,0
BRDA:23,4,0,0
BRDA:23,4,1,0
BRDA:24,5,0,0
BRDA:24,5,1,0
BRDA:28,6,0,0
BRDA:28,6,1,0
BRDA:32,7,0,0
BRDA:32,7,1,0
BRDA:33,8,0,0
BRDA:33,8,1,0
BRDA:34,9,0,0
BRDA:34,9,1,0
BRDA:34,10,0,0
BRDA:34,10,1,0
BRDA:34,10,2,0
BRDA:40,11,0,0
BRDA:40,11,1,0
BRDA:43,12,0,0
BRDA:43,12,1,0
BRDA:43,13,0,0
BRDA:43,13,1,0
BRDA:43,13,2,0
BRDA:58,14,0,0
BRDA:58,14,1,0
BRDA:65,15,0,0
BRDA:65,15,1,0
BRDA:66,16,0,0
BRDA:66,16,1,0
BRDA:69,17,0,0
BRDA:69,17,1,0
BRDA:69,18,0,0
BRDA:69,18,1,0
BRDA:80,19,0,0
BRDA:80,19,1,0
BRDA:83,20,0,0
BRDA:83,20,1,0
BRDA:83,21,0,0
BRDA:83,21,1,0
BRDA:83,21,2,0
BRDA:83,21,3,0
BRDA:83,21,4,0
BRDA:87,22,0,0
BRDA:87,22,1,0
BRDA:89,23,0,0
BRDA:89,23,1,0
BRDA:90,24,0,0
BRDA:90,24,1,0
BRDA:90,25,0,0
BRDA:90,25,1,0
BRDA:104,26,0,0
BRDA:104,26,1,0
BRDA:104,26,2,0
BRDA:107,27,0,0
BRDA:107,27,1,0
BRDA:107,28,0,0
BRDA:107,28,1,0
BRDA:107,28,2,0
BRDA:128,29,0,0
BRDA:128,29,1,0
BRDA:129,30,0,0
BRDA:129,30,1,0
BRDA:129,31,0,0
BRDA:129,31,1,0
BRDA:129,31,2,0
BRDA:170,32,0,0
BRDA:170,32,1,0
BRDA:176,33,0,0
BRDA:176,33,1,0
BRDA:182,34,0,0
BRDA:182,34,1,0
BRDA:184,35,0,0
BRDA:184,35,1,0
BRDA:195,36,0,0
BRDA:195,36,1,0
BRDA:196,37,0,0
BRDA:196,37,1,0
BRDA:197,38,0,0
BRDA:197,38,1,0
BRDA:197,39,0,0
BRDA:197,39,1,0
BRDA:205,40,0,0
BRDA:205,40,1,0
BRDA:227,41,0,0
BRDA:227,41,1,0
BRDA:230,42,0,0
BRDA:230,42,1,0
BRDA:245,43,0,0
BRDA:245,43,1,0
BRDA:255,44,0,0
BRDA:255,44,1,0
BRDA:261,45,0,0
BRDA:261,45,1,0
BRF:103
BRH:0
end_of_record
TN:
SF:controllers/queryController.js
FN:5,(anonymous_0)
FN:40,(anonymous_1)
FN:49,(anonymous_2)
FN:77,(anonymous_3)
FNF:4
FNH:0
FNDA:0,(anonymous_0)
FNDA:0,(anonymous_1)
FNDA:0,(anonymous_2)
FNDA:0,(anonymous_3)
DA:1,1
DA:2,1
DA:3,1
DA:5,1
DA:6,0
DA:7,0
DA:9,0
DA:10,0
DA:13,0
DA:19,0
DA:20,0
DA:23,0
DA:25,0
DA:26,0
DA:29,0
DA:30,0
DA:31,0
DA:34,0
DA:36,0
DA:40,1
DA:41,0
DA:42,0
DA:43,0
DA:45,0
DA:49,1
DA:50,0
DA:51,0
DA:52,0
DA:54,0
DA:55,0
DA:58,0
DA:59,0
DA:61,0
DA:62,0
DA:63,0
DA:64,0
DA:66,0
DA:69,0
DA:71,0
DA:73,0
DA:77,1
DA:78,0
DA:79,0
DA:80,0
DA:81,0
DA:83,0
LF:46
LH:7
BRDA:9,0,0,0
BRDA:9,0,1,0
BRDA:9,1,0,0
BRDA:9,1,1,0
BRDA:14,2,0,0
BRDA:14,2,1,0
BRDA:14,3,0,0
BRDA:14,3,1,0
BRDA:15,4,0,0
BRDA:15,4,1,0
BRDA:15,5,0,0
BRDA:15,5,1,0
BRDA:19,6,0,0
BRDA:19,6,1,0
BRDA:23,7,0,0
BRDA:23,7,1,0
BRDA:30,8,0,0
BRDA:30,8,1,0
BRDA:30,9,0,0
BRDA:30,9,1,0
BRDA:54,10,0,0
BRDA:54,10,1,0
BRDA:54,11,0,0
BRDA:54,11,1,0
BRDA:59,12,0,0
BRDA:59,12,1,0
BRDA:63,13,0,0
BRDA:63,13,1,0
BRF:28
BRH:0
end_of_record
TN:
SF:middleware/auth.js
FN:6,(anonymous_0)
FN:46,(anonymous_1)
FN:47,(anonymous_2)
FN:48,(anonymous_3)
FNF:4
FNH:1
FNDA:0,(anonymous_0)
FNDA:14,(anonymous_1)
FNDA:0,(anonymous_2)
FNDA:0,(anonymous_3)
DA:2,1
DA:3,1
DA:4,1
DA:6,1
DA:7,0
DA:9,0
DA:10,0
DA:12,0
DA:13,0
DA:19,0
DA:20,0
DA:22,0
DA:23,0
DA:29,0
DA:30,0
DA:36,0
DA:37,0
DA:39,0
DA:46,1
DA:47,14
DA:48,0
DA:50,0
DA:51,0
DA:56,0
DA:60,1
LF:25
LH:7
BRDA:9,0,0,0
BRDA:9,0,1,0
BRDA:12,1,0,0
BRDA:12,1,1,0
BRDA:22,2,0,0
BRDA:22,2,1,0
BRDA:29,3,0,0
BRDA:29,3,1,0
BRDA:50,4,0,0
BRDA:50,4,1,0
BRF:10
BRH:0
end_of_record
TN:
SF:middleware/upload.js
FN:9,(anonymous_0)
FN:27,(anonymous_1)
FN:28,(anonymous_2)
FN:35,(anonymous_3)
FN:44,(anonymous_4)
FNF:5
FNH:0
FNDA:0,(anonymous_0)
FNDA:0,(anonymous_1)
FNDA:0,(anonymous_2)
FNDA:0,(anonymous_3)
FNDA:0,(anonymous_4)
DA:2,1
DA:3,1
DA:7,1
DA:9,1
DA:10,0
DA:11,0
DA:13,0
DA:17,1
DA:26,1
DA:27,1
DA:28,0
DA:29,0
DA:36,0
DA:37,0
DA:40,0
DA:44,1
DA:45,0
DA:46,0
DA:47,0
DA:52,0
DA:53,0
DA:58,0
DA:61,1
LF:23
LH:9
BRDA:10,0,0,0
BRDA:10,0,1,0
BRDA:36,1,0,0
BRDA:36,1,1,0
BRDA:45,2,0,0
BRDA:45,2,1,0
BRDA:46,3,0,0
BRDA:46,3,1,0
BRDA:52,4,0,0
BRDA:52,4,1,0
BRF:10
BRH:0
end_of_record
TN:
SF:middleware/validate.js
FN:4,(anonymous_0)
FN:10,(anonymous_1)
FNF:2
FNH:0
FNDA:0,(anonymous_0)
FNDA:0,(anonymous_1)
DA:2,1
DA:4,1
DA:5,0
DA:6,0
DA:7,0
DA:10,0
DA:17,0
DA:20,1
LF:8
LH:3
BRDA:6,0,0,0
BRDA:6,0,1,0
BRF:2
BRH:0
end_of_record
TN:
SF:models/Assignment.js
FNF:0
FNH:0
DA:2,1
DA:4,1
DA:42,1
LF:3
LH:3
BRF:0
BRH:0
end_of_record
TN:
SF:models/Manuscript.js
FNF:0
FNH:0
DA:2,1
DA:4,1
DA:109,1
DA:110,1
DA:112,1
LF:5
LH:5
BRF:0
BRH:0
end_of_record
TN:
SF:models/Query.js
FNF:0
FNH:0
DA:1,1
DA:3,1
DA:14,1
LF:3
LH:3
BRF:0
BRH:0
end_of_record
TN:
SF:models/Review.js
FNF:0
FNH:0
DA:2,1
DA:4,1
DA:53,1
DA:55,1
LF:4
LH:4
BRF:0
BRH:0
end_of_record
TN:
SF:models/User.js
FN:68,(anonymous_0)
FN:74,(anonymous_1)
FN:79,(anonymous_2)
FN:87,(anonymous_3)
FNF:4
FNH:3
FNDA:1,(anonymous_0)
FNDA:2,(anonymous_1)
FNDA:1,(anonymous_2)
FNDA:0,(anonymous_3)
DA:2,1
DA:3,1
DA:4,1
DA:6,1
DA:68,1
DA:69,1
DA:70,1
DA:71,1
DA:74,1
DA:75,2
DA:76,2
DA:79,1
DA:80,1
DA:87,1
DA:88,0
DA:91,1
LF:16
LH:15
BRDA:69,0,0,0
BRDA:69,0,1,1
BRDA:69,1,0,1
BRDA:69,1,1,1
BRDA:75,2,0,0
BRDA:75,2,1,2
BRDA:82,3,0,1
BRDA:82,3,1,0
BRF:8
BRH:5
end_of_record
TN:
SF:routes/admin.js
FNF:0
FNH:0
DA:2,1
DA:3,1
DA:10,1
DA:11,1
DA:12,1
DA:14,1
DA:16,1
DA:18,1
DA:19,1
DA:20,1
DA:21,1
DA:27,1
DA:32,1
DA:33,1
DA:34,1
DA:41,1
LF:16
LH:16
BRF:0
BRH:0
end_of_record
TN:
SF:routes/auth.js
FNF:0
FNH:0
DA:27,1
DA:28,1
DA:29,1
DA:30,1
DA:32,1
DA:34,1
DA:35,1
DA:36,1
DA:39,1
DA:40,1
DA:42,1
LF:11
LH:11
BRF:0
BRH:0
end_of_record
TN:
SF:routes/editorProfile.js
FNF:0
FNH:0
DA:1,1
DA:2,1
DA:3,1
DA:4,1
DA:7,1
DA:10,1
DA:12,1
LF:7
LH:7
BRF:0
BRH:0
end_of_record
TN:
SF:routes/editorial.js
FNF:0
FNH:0
DA:1,1
DA:2,1
DA:3,1
DA:6,1
DA:8,1
LF:5
LH:5
BRF:0
BRH:0
end_of_record
TN:
SF:routes/manuscript.js
FNF:0
FNH:0
DA:2,1
DA:3,1
DA:11,1
DA:12,1
DA:13,1
DA:14,1
DA:16,1
DA:19,1
DA:20,1
DA:22,1
DA:23,1
DA:25,1
DA:39,1
DA:40,1
DA:41,1
DA:43,1
LF:16
LH:16
BRF:0
BRH:0
end_of_record
TN:
SF:routes/payment.js
FNF:0
FNH:0
DA:1,1
DA:2,1
DA:3,1
DA:4,1
DA:5,1
DA:7,1
DA:10,1
DA:20,1
DA:26,1
LF:9
LH:9
BRF:0
BRH:0
end_of_record
TN:
SF:routes/queries.js
FNF:0
FNH:0
DA:1,1
DA:2,1
DA:3,1
DA:4,1
DA:7,1
DA:10,1
DA:13,1
DA:16,1
DA:18,1
LF:9
LH:9
BRF:0
BRH:0
end_of_record
TN:
SF:routes/review.js
FNF:0
FNH:0
DA:1,1
DA:2,1
DA:13,1
DA:14,1
DA:15,1
DA:17,1
DA:22,1
DA:69,1
DA:85,1
DA:105,1
DA:157,1
DA:170,1
DA:183,1
DA:199,1
DA:215,1
DA:228,1
LF:16
LH:16
BRF:0
BRH:0
end_of_record
TN:
SF:services/emailService.js
FN:16,(anonymous_0)
FN:33,(anonymous_1)
FN:49,(anonymous_2)
FN:66,(anonymous_3)
FN:84,(anonymous_4)
FN:103,(anonymous_5)
FN:123,(anonymous_6)
FN:143,(anonymous_7)
FN:162,(anonymous_8)
FN:178,(anonymous_9)
FN:193,(anonymous_10)
FN:207,(anonymous_11)
FNF:12
FNH:0
FNDA:0,(anonymous_0)
FNDA:0,(anonymous_1)
FNDA:0,(anonymous_2)
FNDA:0,(anonymous_3)
FNDA:0,(anonymous_4)
FNDA:0,(anonymous_5)
FNDA:0,(anonymous_6)
FNDA:0,(anonymous_7)
FNDA:0,(anonymous_8)
FNDA:0,(anonymous_9)
FNDA:0,(anonymous_10)
FNDA:0,(anonymous_11)
DA:2,1
DA:3,1
DA:4,1
DA:6,1
DA:16,1
DA:17,0
DA:30,0
DA:33,1
DA:34,0
DA:46,0
DA:49,1
DA:50,0
DA:63,0
DA:66,1
DA:67,0
DA:69,0
DA:81,0
DA:84,1
DA:85,0
DA:87,0
DA:100,0
DA:103,1
DA:104,0
DA:106,0
DA:119,0
DA:123,1
DA:124,0
DA:139,0
DA:143,1
DA:144,0
DA:159,0
DA:162,1
DA:163,0
DA:175,0
DA:178,1
DA:179,0
DA:190,0
DA:193,1
DA:194,0
DA:204,0
DA:207,1
DA:208,0
DA:221,0
LF:43
LH:16
BRDA:95,0,0,0
BRDA:95,0,1,0
BRDA:134,1,0,0
BRDA:134,1,1,0
BRDA:216,2,0,0
BRDA:216,2,1,0
BRF:6
BRH:0
end_of_record
TN:
SF:utils/validators.js
FN:6,(anonymous_0)
FNF:1
FNH:1
FNDA:2,(anonymous_0)
DA:2,1
DA:3,1
DA:6,1
DA:7,2
DA:14,1
DA:27,1
LF:6
LH:6
BRF:0
BRH:0
end_of_record
